#
# A fatal error has been detected by the Java Runtime Environment:
#
#  EXCEPTION_ACCESS_VIOLATION (0xc0000005) at pc=0x00007ffb0d626c86, pid=420, tid=5832
#
# JRE version: OpenJDK Runtime Environment (11.0.8+10) (build 11.0.8+10-b944.6842174)
# Java VM: OpenJDK 64-Bit Server VM (11.0.8+10-b944.6842174, mixed mode, tiered, compressed oops, g1 gc, windows-amd64)
# Problematic frame:
# V  [jvm.dll+0x6a6c86]
#
# No core dump will be written. Minidumps are not enabled by default on client versions of Windows
#
# If you would like to submit a bug report, please visit:
#   https://bugreport.java.com/bugreport/crash.jsp
#

---------------  S U M M A R Y ------------

Command Line: -XX:MaxPermSize=512m -XX:+HeapDumpOnOutOfMemoryError --add-opens=java.base/java.util=ALL-UNNAMED --add-opens=java.base/java.lang=ALL-UNNAMED --add-opens=java.base/java.lang.invoke=ALL-UNNAMED --add-opens=java.prefs/java.util.prefs=ALL-UNNAMED -Xmx2048m -Dfile.encoding=UTF-8 -Duser.country=US -Duser.language=en -Duser.variant org.gradle.launcher.daemon.bootstrap.GradleDaemon 6.8

Host: Intel(R) Core(TM) i5-6400 CPU @ 2.70GHz, 4 cores, 7G,  Windows 10 , 64 bit Build 19041 (10.0.19041.662)
Time: Wed Jul 28 15:48:37 2021 SE Asia Standard Time elapsed time: 58 seconds (0d 0h 0m 58s)

---------------  T H R E A D  ---------------

Current thread (0x00000123d752c800):  GCTaskThread "GC Thread#1" [stack: 0x00000022f2c00000,0x00000022f2d00000] [id=5832]

Stack: [0x00000022f2c00000,0x00000022f2d00000],  sp=0x00000022f2cff5a0,  free space=1021k
Native frames: (J=compiled Java code, j=interpreted, Vv=VM code, C=native code)
V  [jvm.dll+0x6a6c86]
V  [jvm.dll+0x6a79b4]
V  [jvm.dll+0x2daf0e]
V  [jvm.dll+0x2dab9d]
V  [jvm.dll+0x7384e0]
V  [jvm.dll+0x6d3895]
V  [jvm.dll+0x5dd4a6]
C  [ucrtbase.dll+0x214c2]
C  [KERNEL32.DLL+0x17034]
C  [ntdll.dll+0x4d0d1]


siginfo: EXCEPTION_ACCESS_VIOLATION (0xc0000005), reading address 0x0000000000000002


Register to memory mapping:

RIP=0x00007ffb0d626c86 jvm.dll
RAX=0x0000000000000001 is an unknown value
RBX=0x00000123dc9dc788 points into unknown readable memory: 00 00 00 00 00 00 00 00
RCX=0x0 is NULL
RDX=0x0000000000000020 is an unknown value
RSP=0x00000022f2cff5a0 points into unknown readable memory: 00 00 00 00 00 00 00 00
RBP=0x00000022f2cff600 points into unknown readable memory: 5e 02 00 00 00 00 00 00
RSI=0x00000123d92bf568 points into unknown readable memory: 88 c7 9d dc 23 01 00 00
RDI=0x00000022f2cff650 points into unknown readable memory: 00 00 00 00 23 01 00 00
R8 =0x00000022f2cff600 points into unknown readable memory: 5e 02 00 00 00 00 00 00
R9 =0x00000022f2cff580 points into unknown readable memory: 55 02 00 00 00 00 00 00
R10=0x00000123da1f9060 points into unknown readable memory: f0 9c 79 0d fb 7f 00 00
R11=0x00000022f2cff628 points into unknown readable memory: 0e af 25 0d fb 7f 00 00
R12=0x0000000000000009 is an unknown value
R13=0x0 is NULL
R14=0x00000000000004b8 is an unknown value
R15=0x00000000000004b8 is an unknown value


Registers:
RAX=0x0000000000000001, RBX=0x00000123dc9dc788, RCX=0x0000000000000000, RDX=0x0000000000000020
RSP=0x00000022f2cff5a0, RBP=0x00000022f2cff600, RSI=0x00000123d92bf568, RDI=0x00000022f2cff650
R8 =0x00000022f2cff600, R9 =0x00000022f2cff580, R10=0x00000123da1f9060, R11=0x00000022f2cff628
R12=0x0000000000000009, R13=0x0000000000000000, R14=0x00000000000004b8, R15=0x00000000000004b8
RIP=0x00007ffb0d626c86, EFLAGS=0x0000000000010202

Top of Stack: (sp=0x00000022f2cff5a0)
0x00000022f2cff5a0:   0000000000000000 00000123d752c800
0x00000022f2cff5b0:   0000000000000000 00000022f2cff670
0x00000022f2cff5c0:   0000000000000000 00000123d752c800
0x00000022f2cff5d0:   00000022f20fe770 00007ffb0d6279b4
0x00000022f2cff5e0:   0000000000004e2b 00000022f2cff688
0x00000022f2cff5f0:   00000022f2cff650 0000000000000000
0x00000022f2cff600:   000000000000025e 0000000000000000
0x00000022f2cff610:   0000000000000000 000000000000290b
0x00000022f2cff620:   0000000000000003 00007ffb0d25af0e
0x00000022f2cff630:   00000022f20fe790 0000000000000003
0x00000022f2cff640:   0000000000000003 00000123d6e8e840
0x00000022f2cff650:   0000012300000000 00000123ba9e3e90
0x00000022f2cff660:   00000123ba9e3e90 00007ffb0d25ab9d
0x00000022f2cff670:   000001230000290b 00000022f20fe810
0x00000022f2cff680:   0000002200000002 0000000000000000
0x00000022f2cff690:   00000000000075a3 00007ffb0d6b84e0 

Instructions: (pc=0x00007ffb0d626c86)
0x00007ffb0d626b86:   48 08 49 03 55 08 48 89 54 24 38 48 89 02 41 ff
0x00007ffb0d626b96:   45 2c 48 8b 84 24 90 00 00 00 48 8b 10 48 8b 84
0x00007ffb0d626ba6:   24 b0 00 00 00 48 63 0c 18 48 8b 42 08 c6 44 08
0x00007ffb0d626bb6:   04 01 48 89 7c ca 40 48 8b bc 24 b0 00 00 00 48
0x00007ffb0d626bc6:   8b 84 24 b8 00 00 00 48 ff c6 48 83 c3 04 49 3b
0x00007ffb0d626bd6:   f7 0f 8c 53 fe ff ff b0 01 4c 8b 74 24 40 4c 8b
0x00007ffb0d626be6:   64 24 48 48 8b 7c 24 50 48 8b 74 24 58 48 8b ac
0x00007ffb0d626bf6:   24 80 00 00 00 48 83 c4 60 41 5f 41 5d 5b c3 32
0x00007ffb0d626c06:   c0 eb d6 cc cc cc cc cc cc cc 3b ca 0f 8d d2 00
0x00007ffb0d626c16:   00 00 55 48 83 ec 30 48 89 5c 24 40 2b d1 48 89
0x00007ffb0d626c26:   74 24 48 49 8b e8 48 89 7c 24 50 4c 89 64 24 58
0x00007ffb0d626c36:   4c 89 74 24 28 48 63 c1 4c 89 7c 24 20 44 8b e2
0x00007ffb0d626c46:   4c 8d 34 c5 00 00 00 00 4d 8b fe 48 8b 05 38 ae
0x00007ffb0d626c56:   35 00 48 8b 58 08 49 8d 34 1f 49 8b 1c 1e 48 85
0x00007ffb0d626c66:   db 74 50 0f 1f 80 00 00 00 00 f6 43 08 01 74 09
0x00007ffb0d626c76:   83 3d 73 e8 33 00 00 74 3a 48 8b 4b 10 ff 45 00
0x00007ffb0d626c86:   0f b7 41 02 66 85 c0 75 1d e8 2c 36 c9 ff 48 8b
0x00007ffb0d626c96:   43 08 48 8b d3 48 83 e0 fe 48 8b cd 48 89 06 e8
0x00007ffb0d626ca6:   76 4b c9 ff eb 04 48 8d 73 08 48 8b 1e 48 83 e3
0x00007ffb0d626cb6:   fe 75 b7 49 83 c7 08 49 83 c6 08 49 83 ec 01 75
0x00007ffb0d626cc6:   8a 4c 8b 7c 24 20 4c 8b 74 24 28 4c 8b 64 24 58
0x00007ffb0d626cd6:   48 8b 7c 24 50 48 8b 74 24 48 48 8b 5c 24 40 48
0x00007ffb0d626ce6:   83 c4 30 5d c3 cc cc cc cc cc 40 55 48 83 ec 30
0x00007ffb0d626cf6:   48 8b e9 84 d2 75 1e 48 8b d1 4c 8d 05 49 ff 1b
0x00007ffb0d626d06:   00 48 8b 0d 82 ad 35 00 45 33 c9 48 83 c4 30 5d
0x00007ffb0d626d16:   e9 15 53 c9 ff 48 8d 15 4e 44 1a 00 4c 89 74 24
0x00007ffb0d626d26:   28 e8 04 9a f3 ff 48 8b 05 5d ad 35 00 45 33 f6
0x00007ffb0d626d36:   44 39 30 0f 8e 97 00 00 00 48 89 5c 24 40 48 89
0x00007ffb0d626d46:   74 24 48 48 89 7c 24 50 4c 89 7c 24 20 45 8b fe
0x00007ffb0d626d56:   66 66 0f 1f 84 00 00 00 00 00 48 8b 40 08 49 8b
0x00007ffb0d626d66:   1c 07 48 85 db 74 42 0f 1f 00 48 8b 7b 10 48 8d
0x00007ffb0d626d76:   15 e5 fe 1b 00 48 8b cd 0f b7 37 44 0f bf 4f 02 


Stack slot to memory mapping:
stack at sp + 0 slots: 0x0 is NULL
stack at sp + 1 slots: 0x00000123d752c800 points into unknown readable memory: e8 ce 80 0d fb 7f 00 00
stack at sp + 2 slots: 0x0 is NULL
stack at sp + 3 slots: 0x00000022f2cff670 points into unknown readable memory: 0b 29 00 00 23 01 00 00
stack at sp + 4 slots: 0x0 is NULL
stack at sp + 5 slots: 0x00000123d752c800 points into unknown readable memory: e8 ce 80 0d fb 7f 00 00
stack at sp + 6 slots: 0x00000022f20fe770 points into unknown readable memory: d8 d7 78 0d fb 7f 00 00
stack at sp + 7 slots: 0x00007ffb0d6279b4 jvm.dll


---------------  P R O C E S S  ---------------

Threads class SMR info:
_java_thread_list=0x00000123ddea79a0, length=132, elements={
0x00000123baad9800, 0x00000123d64a3800, 0x00000123d64a5000, 0x00000123d64af800,
0x00000123d64bd800, 0x00000123d64bf000, 0x00000123d64c9000, 0x00000123d6e6a800,
0x00000123d6f66800, 0x00000123d6f8d000, 0x00000123d86e4800, 0x00000123d93c4800,
0x00000123d909b800, 0x00000123d8198800, 0x00000123d9760800, 0x00000123d881b000,
0x00000123d881c800, 0x00000123d8816800, 0x00000123d8818800, 0x00000123d881a000,
0x00000123da511800, 0x00000123da514000, 0x00000123da515000, 0x00000123d95e4000,
0x00000123d95e5000, 0x00000123d95e6000, 0x00000123d95e6800, 0x00000123d95e7800,
0x00000123d95e8800, 0x00000123d95e2800, 0x00000123d95e9000, 0x00000123d95e3800,
0x00000123d9089800, 0x00000123d908a800, 0x00000123d908c000, 0x00000123d9089000,
0x00000123d908d000, 0x00000123d908b800, 0x00000123d9087000, 0x00000123d908e000,
0x00000123d9088000, 0x00000123d9092000, 0x00000123d908e800, 0x00000123d9092800,
0x00000123d9093800, 0x00000123d9094800, 0x00000123d9095000, 0x00000123d908f800,
0x00000123d9090000, 0x00000123d9091000, 0x00000123d9096000, 0x00000123d794d800,
0x00000123d794c000, 0x00000123d794e800, 0x00000123d794d000, 0x00000123d794f800,
0x00000123d7949800, 0x00000123d7950000, 0x00000123d794a800, 0x00000123d794b000,
0x00000123d70e7000, 0x00000123d70e9800, 0x00000123d70ea000, 0x00000123d70e7800,
0x00000123d70e8800, 0x00000123d70eb800, 0x00000123d70eb000, 0x00000123d70e6000,
0x00000123d70ec800, 0x00000123dcab2800, 0x00000123dcab1000, 0x00000123dcab2000,
0x00000123dcab0000, 0x00000123dcaaf800, 0x00000123dcab3800, 0x00000123dcaae000,
0x00000123dcab4800, 0x00000123dcaae800, 0x00000123d7ead000, 0x00000123d7ead800,
0x00000123d7eaa800, 0x00000123d7ea9000, 0x00000123d7eab000, 0x00000123d7ea8000,
0x00000123d7eae800, 0x00000123d7eaf800, 0x00000123d7ea9800, 0x00000123d7eb0000,
0x00000123d7eb1000, 0x00000123d7eac000, 0x00000123d7eb6000, 0x00000123d7eb2000,
0x00000123d7eb2800, 0x00000123d7eb3800, 0x00000123d7eb6800, 0x00000123d7eb4000,
0x00000123d7eb5000, 0x00000123daa87000, 0x00000123daa8b000, 0x00000123daa88800,
0x00000123daa8a800, 0x00000123daa89800, 0x00000123daa8c000, 0x00000123daa88000,
0x00000123daa86800, 0x00000123daa8d000, 0x00000123d993e800, 0x00000123d9943000,
0x00000123d9942000, 0x00000123d9943800, 0x00000123d993f800, 0x00000123d9940800,
0x00000123d9941000, 0x00000123d993e000, 0x00000123d9944800, 0x00000123da704000,
0x00000123da705000, 0x00000123da708800, 0x00000123da707800, 0x00000123da709000,
0x00000123da706000, 0x00000123da706800, 0x00000123da703800, 0x00000123da70a000,
0x00000123da50f000, 0x00000123da510800, 0x00000123da512800, 0x00000123da50e800,
0x00000123da513000, 0x00000123d8819000, 0x00000123d881b800, 0x00000123d881d000
}

Java Threads: ( => current thread )
  0x00000123baad9800 JavaThread "main" [_thread_blocked, id=3348, stack(0x00000022f1a00000,0x00000022f1b00000)]
  0x00000123d64a3800 JavaThread "Reference Handler" daemon [_thread_blocked, id=2348, stack(0x00000022f2100000,0x00000022f2200000)]
  0x00000123d64a5000 JavaThread "Finalizer" daemon [_thread_blocked, id=864, stack(0x00000022f2200000,0x00000022f2300000)]
  0x00000123d64af800 JavaThread "Signal Dispatcher" daemon [_thread_blocked, id=360, stack(0x00000022f2300000,0x00000022f2400000)]
  0x00000123d64bd800 JavaThread "Attach Listener" daemon [_thread_blocked, id=9084, stack(0x00000022f2400000,0x00000022f2500000)]
  0x00000123d64bf000 JavaThread "C2 CompilerThread0" daemon [_thread_blocked, id=2844, stack(0x00000022f2500000,0x00000022f2600000)]
  0x00000123d64c9000 JavaThread "C1 CompilerThread0" daemon [_thread_blocked, id=2988, stack(0x00000022f2600000,0x00000022f2700000)]
  0x00000123d6e6a800 JavaThread "Sweeper thread" daemon [_thread_blocked, id=4144, stack(0x00000022f2700000,0x00000022f2800000)]
  0x00000123d6f66800 JavaThread "Common-Cleaner" daemon [_thread_blocked, id=8324, stack(0x00000022f2800000,0x00000022f2900000)]
  0x00000123d6f8d000 JavaThread "Service Thread" daemon [_thread_blocked, id=1628, stack(0x00000022f2900000,0x00000022f2a00000)]
  0x00000123d86e4800 JavaThread "Daemon health stats" [_thread_blocked, id=756, stack(0x00000022f2e00000,0x00000022f2f00000)]
  0x00000123d93c4800 JavaThread "Incoming local TCP Connector on port 50084" [_thread_in_native, id=1508, stack(0x00000022f3100000,0x00000022f3200000)]
  0x00000123d909b800 JavaThread "Daemon periodic checks" [_thread_blocked, id=1016, stack(0x00000022f3200000,0x00000022f3300000)]
  0x00000123d8198800 JavaThread "Daemon" [_thread_blocked, id=2284, stack(0x00000022f3300000,0x00000022f3400000)]
  0x00000123d9760800 JavaThread "Daemon worker" [_thread_blocked, id=1668, stack(0x00000022f3600000,0x00000022f3700000)]
  0x00000123d881b000 JavaThread "Cache worker for file hash cache (C:\Users\Admin\.gradle\caches\6.8\fileHashes)" [_thread_blocked, id=3464, stack(0x00000022f3a00000,0x00000022f3b00000)]
  0x00000123d881c800 JavaThread "File lock request listener" [_thread_in_native, id=3616, stack(0x00000022f3b00000,0x00000022f3c00000)]
  0x00000123d8816800 JavaThread "Cache worker for journal cache (C:\Users\Admin\.gradle\caches\journal-1)" [_thread_blocked, id=3868, stack(0x00000022f3c00000,0x00000022f3d00000)]
  0x00000123d8818800 JavaThread "Cache worker for execution history cache (C:\Users\Admin\.gradle\caches\6.8\executionHistory)" [_thread_blocked, id=8760, stack(0x00000022f4200000,0x00000022f4300000)]
  0x00000123d881a000 JavaThread "jar transforms" [_thread_blocked, id=8352, stack(0x00000022f4300000,0x00000022f4400000)]
  0x00000123da511800 JavaThread "Cache worker for file content cache (C:\Users\Admin\.gradle\caches\6.8\fileContent)" [_thread_blocked, id=1264, stack(0x00000022f4400000,0x00000022f4500000)]
  0x00000123da514000 JavaThread "jar transforms Thread 2" [_thread_blocked, id=9124, stack(0x00000022f4900000,0x00000022f4a00000)]
  0x00000123da515000 JavaThread "jar transforms Thread 3" [_thread_blocked, id=512, stack(0x00000022f4a00000,0x00000022f4b00000)]
  0x00000123d95e4000 JavaThread "jar transforms Thread 4" [_thread_blocked, id=520, stack(0x00000022f4b00000,0x00000022f4c00000)]
  0x00000123d95e5000 JavaThread "jar transforms Thread 5" [_thread_blocked, id=508, stack(0x00000022f4c00000,0x00000022f4d00000)]
  0x00000123d95e6000 JavaThread "jar transforms Thread 6" [_thread_blocked, id=3600, stack(0x00000022f4d00000,0x00000022f4e00000)]
  0x00000123d95e6800 JavaThread "jar transforms Thread 7" [_thread_blocked, id=620, stack(0x00000022f4e00000,0x00000022f4f00000)]
  0x00000123d95e7800 JavaThread "jar transforms Thread 8" [_thread_blocked, id=616, stack(0x00000022f4f00000,0x00000022f5000000)]
  0x00000123d95e8800 JavaThread "jar transforms Thread 9" [_thread_blocked, id=624, stack(0x00000022f5000000,0x00000022f5100000)]
  0x00000123d95e2800 JavaThread "jar transforms Thread 10" [_thread_blocked, id=5836, stack(0x00000022f5100000,0x00000022f5200000)]
  0x00000123d95e9000 JavaThread "jar transforms Thread 11" [_thread_blocked, id=716, stack(0x00000022f5200000,0x00000022f5300000)]
  0x00000123d95e3800 JavaThread "jar transforms Thread 12" [_thread_blocked, id=2312, stack(0x00000022f5300000,0x00000022f5400000)]
  0x00000123d9089800 JavaThread "jar transforms Thread 13" [_thread_blocked, id=724, stack(0x00000022f5400000,0x00000022f5500000)]
  0x00000123d908a800 JavaThread "jar transforms Thread 14" [_thread_blocked, id=728, stack(0x00000022f5500000,0x00000022f5600000)]
  0x00000123d908c000 JavaThread "jar transforms Thread 15" [_thread_blocked, id=8384, stack(0x00000022f5600000,0x00000022f5700000)]
  0x00000123d9089000 JavaThread "jar transforms Thread 16" [_thread_blocked, id=8376, stack(0x00000022f5700000,0x00000022f5800000)]
  0x00000123d908d000 JavaThread "jar transforms Thread 17" [_thread_blocked, id=8720, stack(0x00000022f5800000,0x00000022f5900000)]
  0x00000123d908b800 JavaThread "jar transforms Thread 18" [_thread_blocked, id=8372, stack(0x00000022f5900000,0x00000022f5a00000)]
  0x00000123d9087000 JavaThread "jar transforms Thread 19" [_thread_blocked, id=8332, stack(0x00000022f5a00000,0x00000022f5b00000)]
  0x00000123d908e000 JavaThread "jar transforms Thread 20" [_thread_blocked, id=8708, stack(0x00000022f5b00000,0x00000022f5c00000)]
  0x00000123d9088000 JavaThread "jar transforms Thread 21" [_thread_blocked, id=8316, stack(0x00000022f5c00000,0x00000022f5d00000)]
  0x00000123d9092000 JavaThread "jar transforms Thread 22" [_thread_blocked, id=8612, stack(0x00000022f5d00000,0x00000022f5e00000)]
  0x00000123d908e800 JavaThread "jar transforms Thread 23" [_thread_blocked, id=4100, stack(0x00000022f5e00000,0x00000022f5f00000)]
  0x00000123d9092800 JavaThread "jar transforms Thread 24" [_thread_blocked, id=424, stack(0x00000022f5f00000,0x00000022f6000000)]
  0x00000123d9093800 JavaThread "jar transforms Thread 25" [_thread_blocked, id=356, stack(0x00000022f6000000,0x00000022f6100000)]
  0x00000123d9094800 JavaThread "jar transforms Thread 26" [_thread_blocked, id=1056, stack(0x00000022f6100000,0x00000022f6200000)]
  0x00000123d9095000 JavaThread "jar transforms Thread 27" [_thread_blocked, id=1052, stack(0x00000022f6200000,0x00000022f6300000)]
  0x00000123d908f800 JavaThread "jar transforms Thread 28" [_thread_blocked, id=1728, stack(0x00000022f6300000,0x00000022f6400000)]
  0x00000123d9090000 JavaThread "jar transforms Thread 29" [_thread_blocked, id=1868, stack(0x00000022f6400000,0x00000022f6500000)]
  0x00000123d9091000 JavaThread "jar transforms Thread 30" [_thread_blocked, id=1956, stack(0x00000022f6500000,0x00000022f6600000)]
  0x00000123d9096000 JavaThread "jar transforms Thread 31" [_thread_blocked, id=796, stack(0x00000022f6600000,0x00000022f6700000)]
  0x00000123d794d800 JavaThread "jar transforms Thread 32" [_thread_blocked, id=1676, stack(0x00000022f6700000,0x00000022f6800000)]
  0x00000123d794c000 JavaThread "jar transforms Thread 33" [_thread_blocked, id=492, stack(0x00000022f6800000,0x00000022f6900000)]
  0x00000123d794e800 JavaThread "jar transforms Thread 34" [_thread_blocked, id=1612, stack(0x00000022f6900000,0x00000022f6a00000)]
  0x00000123d794d000 JavaThread "jar transforms Thread 35" [_thread_blocked, id=3148, stack(0x00000022f6a00000,0x00000022f6b00000)]
  0x00000123d794f800 JavaThread "jar transforms Thread 36" [_thread_blocked, id=1372, stack(0x00000022f6b00000,0x00000022f6c00000)]
  0x00000123d7949800 JavaThread "jar transforms Thread 37" [_thread_blocked, id=1660, stack(0x00000022f6c00000,0x00000022f6d00000)]
  0x00000123d7950000 JavaThread "jar transforms Thread 38" [_thread_blocked, id=1616, stack(0x00000022f6d00000,0x00000022f6e00000)]
  0x00000123d794a800 JavaThread "jar transforms Thread 39" [_thread_blocked, id=8752, stack(0x00000022f6e00000,0x00000022f6f00000)]
  0x00000123d794b000 JavaThread "jar transforms Thread 40" [_thread_blocked, id=1316, stack(0x00000022f6f00000,0x00000022f7000000)]
  0x00000123d70e7000 JavaThread "jar transforms Thread 41" [_thread_blocked, id=4060, stack(0x00000022f7000000,0x00000022f7100000)]
  0x00000123d70e9800 JavaThread "jar transforms Thread 42" [_thread_blocked, id=6544, stack(0x00000022f7100000,0x00000022f7200000)]
  0x00000123d70ea000 JavaThread "jar transforms Thread 43" [_thread_blocked, id=8996, stack(0x00000022f7200000,0x00000022f7300000)]
  0x00000123d70e7800 JavaThread "jar transforms Thread 44" [_thread_blocked, id=8984, stack(0x00000022f7300000,0x00000022f7400000)]
  0x00000123d70e8800 JavaThread "jar transforms Thread 45" [_thread_blocked, id=7940, stack(0x00000022f7400000,0x00000022f7500000)]
  0x00000123d70eb800 JavaThread "jar transforms Thread 46" [_thread_blocked, id=4204, stack(0x00000022f7500000,0x00000022f7600000)]
  0x00000123d70eb000 JavaThread "jar transforms Thread 47" [_thread_blocked, id=5972, stack(0x00000022f7600000,0x00000022f7700000)]
  0x00000123d70e6000 JavaThread "jar transforms Thread 48" [_thread_blocked, id=3448, stack(0x00000022f7700000,0x00000022f7800000)]
  0x00000123d70ec800 JavaThread "jar transforms Thread 49" [_thread_blocked, id=868, stack(0x00000022f7800000,0x00000022f7900000)]
  0x00000123dcab2800 JavaThread "jar transforms Thread 50" [_thread_blocked, id=1664, stack(0x00000022f7900000,0x00000022f7a00000)]
  0x00000123dcab1000 JavaThread "jar transforms Thread 51" [_thread_blocked, id=2776, stack(0x00000022f7a00000,0x00000022f7b00000)]
  0x00000123dcab2000 JavaThread "jar transforms Thread 52" [_thread_blocked, id=6776, stack(0x00000022f7b00000,0x00000022f7c00000)]
  0x00000123dcab0000 JavaThread "jar transforms Thread 53" [_thread_blocked, id=4812, stack(0x00000022f7c00000,0x00000022f7d00000)]
  0x00000123dcaaf800 JavaThread "jar transforms Thread 54" [_thread_blocked, id=7920, stack(0x00000022f7d00000,0x00000022f7e00000)]
  0x00000123dcab3800 JavaThread "jar transforms Thread 55" [_thread_blocked, id=7844, stack(0x00000022f7e00000,0x00000022f7f00000)]
  0x00000123dcaae000 JavaThread "jar transforms Thread 56" [_thread_blocked, id=992, stack(0x00000022f7f00000,0x00000022f8000000)]
  0x00000123dcab4800 JavaThread "jar transforms Thread 57" [_thread_blocked, id=6336, stack(0x00000022f8000000,0x00000022f8100000)]
  0x00000123dcaae800 JavaThread "jar transforms Thread 58" [_thread_blocked, id=4028, stack(0x00000022f8100000,0x00000022f8200000)]
  0x00000123d7ead000 JavaThread "jar transforms Thread 59" [_thread_blocked, id=2732, stack(0x00000022f8200000,0x00000022f8300000)]
  0x00000123d7ead800 JavaThread "jar transforms Thread 60" [_thread_blocked, id=3972, stack(0x00000022f8300000,0x00000022f8400000)]
  0x00000123d7eaa800 JavaThread "jar transforms Thread 61" [_thread_blocked, id=2752, stack(0x00000022f8400000,0x00000022f8500000)]
  0x00000123d7ea9000 JavaThread "jar transforms Thread 62" [_thread_blocked, id=3984, stack(0x00000022f8500000,0x00000022f8600000)]
  0x00000123d7eab000 JavaThread "jar transforms Thread 63" [_thread_blocked, id=3980, stack(0x00000022f8600000,0x00000022f8700000)]
  0x00000123d7ea8000 JavaThread "jar transforms Thread 64" [_thread_blocked, id=3976, stack(0x00000022f8700000,0x00000022f8800000)]
  0x00000123d7eae800 JavaThread "jar transforms Thread 65" [_thread_blocked, id=3992, stack(0x00000022f8800000,0x00000022f8900000)]
  0x00000123d7eaf800 JavaThread "jar transforms Thread 66" [_thread_blocked, id=3996, stack(0x00000022f8900000,0x00000022f8a00000)]
  0x00000123d7ea9800 JavaThread "jar transforms Thread 67" [_thread_blocked, id=4000, stack(0x00000022f8a00000,0x00000022f8b00000)]
  0x00000123d7eb0000 JavaThread "jar transforms Thread 68" [_thread_blocked, id=4008, stack(0x00000022f8b00000,0x00000022f8c00000)]
  0x00000123d7eb1000 JavaThread "jar transforms Thread 69" [_thread_blocked, id=4012, stack(0x00000022f8c00000,0x00000022f8d00000)]
  0x00000123d7eac000 JavaThread "jar transforms Thread 70" [_thread_blocked, id=4020, stack(0x00000022f8d00000,0x00000022f8e00000)]
  0x00000123d7eb6000 JavaThread "jar transforms Thread 71" [_thread_blocked, id=4024, stack(0x00000022f8e00000,0x00000022f8f00000)]
  0x00000123d7eb2000 JavaThread "jar transforms Thread 72" [_thread_blocked, id=4032, stack(0x00000022f8f00000,0x00000022f9000000)]
  0x00000123d7eb2800 JavaThread "jar transforms Thread 73" [_thread_blocked, id=1392, stack(0x00000022f9000000,0x00000022f9100000)]
  0x00000123d7eb3800 JavaThread "jar transforms Thread 74" [_thread_blocked, id=3144, stack(0x00000022f9100000,0x00000022f9200000)]
  0x00000123d7eb6800 JavaThread "jar transforms Thread 75" [_thread_blocked, id=3104, stack(0x00000022f9200000,0x00000022f9300000)]
  0x00000123d7eb4000 JavaThread "jar transforms Thread 76" [_thread_blocked, id=3100, stack(0x00000022f9300000,0x00000022f9400000)]
  0x00000123d7eb5000 JavaThread "jar transforms Thread 77" [_thread_blocked, id=2812, stack(0x00000022f9400000,0x00000022f9500000)]
  0x00000123daa87000 JavaThread "jar transforms Thread 78" [_thread_blocked, id=3152, stack(0x00000022f9500000,0x00000022f9600000)]
  0x00000123daa8b000 JavaThread "jar transforms Thread 79" [_thread_blocked, id=3176, stack(0x00000022f9600000,0x00000022f9700000)]
  0x00000123daa88800 JavaThread "jar transforms Thread 80" [_thread_blocked, id=2748, stack(0x00000022f9700000,0x00000022f9800000)]
  0x00000123daa8a800 JavaThread "jar transforms Thread 81" [_thread_blocked, id=2736, stack(0x00000022f9800000,0x00000022f9900000)]
  0x00000123daa89800 JavaThread "jar transforms Thread 82" [_thread_blocked, id=4016, stack(0x00000022f9900000,0x00000022f9a00000)]
  0x00000123daa8c000 JavaThread "jar transforms Thread 83" [_thread_blocked, id=2800, stack(0x00000022f9a00000,0x00000022f9b00000)]
  0x00000123daa88000 JavaThread "jar transforms Thread 84" [_thread_blocked, id=3988, stack(0x00000022f9b00000,0x00000022f9c00000)]
  0x00000123daa86800 JavaThread "jar transforms Thread 85" [_thread_blocked, id=4064, stack(0x00000022f9c00000,0x00000022f9d00000)]
  0x00000123daa8d000 JavaThread "jar transforms Thread 86" [_thread_blocked, id=3964, stack(0x00000022f9d00000,0x00000022f9e00000)]
  0x00000123d993e800 JavaThread "jar transforms Thread 87" [_thread_blocked, id=3960, stack(0x00000022f9e00000,0x00000022f9f00000)]
  0x00000123d9943000 JavaThread "jar transforms Thread 88" [_thread_blocked, id=3956, stack(0x00000022f9f00000,0x00000022fa000000)]
  0x00000123d9942000 JavaThread "jar transforms Thread 89" [_thread_blocked, id=3968, stack(0x00000022fa000000,0x00000022fa100000)]
  0x00000123d9943800 JavaThread "jar transforms Thread 90" [_thread_blocked, id=8408, stack(0x00000022fa100000,0x00000022fa200000)]
  0x00000123d993f800 JavaThread "jar transforms Thread 91" [_thread_blocked, id=9028, stack(0x00000022fa200000,0x00000022fa300000)]
  0x00000123d9940800 JavaThread "jar transforms Thread 92" [_thread_blocked, id=7552, stack(0x00000022fa300000,0x00000022fa400000)]
  0x00000123d9941000 JavaThread "jar transforms Thread 93" [_thread_blocked, id=9136, stack(0x00000022fa400000,0x00000022fa500000)]
  0x00000123d993e000 JavaThread "jar transforms Thread 94" [_thread_blocked, id=5520, stack(0x00000022fa500000,0x00000022fa600000)]
  0x00000123d9944800 JavaThread "jar transforms Thread 95" [_thread_blocked, id=8756, stack(0x00000022fa600000,0x00000022fa700000)]
  0x00000123da704000 JavaThread "jar transforms Thread 96" [_thread_blocked, id=8624, stack(0x00000022fa700000,0x00000022fa800000)]
  0x00000123da705000 JavaThread "jar transforms Thread 97" [_thread_blocked, id=7420, stack(0x00000022fa800000,0x00000022fa900000)]
  0x00000123da708800 JavaThread "jar transforms Thread 98" [_thread_blocked, id=6524, stack(0x00000022fa900000,0x00000022faa00000)]
  0x00000123da707800 JavaThread "jar transforms Thread 99" [_thread_blocked, id=1916, stack(0x00000022faa00000,0x00000022fab00000)]
  0x00000123da709000 JavaThread "jar transforms Thread 100" [_thread_blocked, id=4216, stack(0x00000022fab00000,0x00000022fac00000)]
  0x00000123da706000 JavaThread "jar transforms Thread 101" [_thread_blocked, id=8668, stack(0x00000022fac00000,0x00000022fad00000)]
  0x00000123da706800 JavaThread "jar transforms Thread 102" [_thread_blocked, id=6444, stack(0x00000022fad00000,0x00000022fae00000)]
  0x00000123da703800 JavaThread "Memory manager" [_thread_blocked, id=6064, stack(0x00000022fae00000,0x00000022faf00000)]
  0x00000123da70a000 JavaThread "Handler for socket connection from /127.0.0.1:50084 to /127.0.0.1:50120" [_thread_in_native, id=3352, stack(0x00000022f1700000,0x00000022f1800000)]
  0x00000123da50f000 JavaThread "Cancel handler" [_thread_blocked, id=3368, stack(0x00000022f2b00000,0x00000022f2c00000)]
  0x00000123da510800 JavaThread "Asynchronous log dispatcher for DefaultDaemonConnection: socket connection from /127.0.0.1:50084 to /127.0.0.1:50120" [_thread_blocked, id=3172, stack(0x00000022f3400000,0x00000022f3500000)]
  0x00000123da512800 JavaThread "Stdin handler" [_thread_blocked, id=3180, stack(0x00000022f3500000,0x00000022f3600000)]
  0x00000123da50e800 JavaThread "Daemon client event forwarder" [_thread_blocked, id=3884, stack(0x00000022f3700000,0x00000022f3800000)]
  0x00000123da513000 JavaThread "Cache worker for file hash cache (D:\Innofin_Store\finccp-react-native\android\.gradle\6.8\fileHashes)" [_thread_blocked, id=2044, stack(0x00000022f3800000,0x00000022f3900000)]
  0x00000123d8819000 JavaThread "Cache worker for checksums cache (D:\Innofin_Store\finccp-react-native\android\.gradle\checksums)" [_thread_blocked, id=5512, stack(0x00000022f3e00000,0x00000022f3f00000)]
  0x00000123d881b800 JavaThread "Cache worker for cache directory md-supplier (C:\Users\Admin\.gradle\caches\6.8\md-supplier)" [_thread_blocked, id=3372, stack(0x00000022f3f00000,0x00000022f4000000)]
  0x00000123d881d000 JavaThread "Cache worker for cache directory md-rule (C:\Users\Admin\.gradle\caches\6.8\md-rule)" [_thread_blocked, id=5508, stack(0x00000022f4000000,0x00000022f4100000)]

Other Threads:
  0x00000123d649d000 VMThread "VM Thread" [stack: 0x00000022f2000000,0x00000022f2100000] [id=3248]
  0x00000123d6f8e000 WatcherThread [stack: 0x00000022f2a00000,0x00000022f2b00000] [id=5660]
  0x00000123baaf3000 GCTaskThread "GC Thread#0" [stack: 0x00000022f1b00000,0x00000022f1c00000] [id=3360]
=>0x00000123d752c800 GCTaskThread "GC Thread#1" [stack: 0x00000022f2c00000,0x00000022f2d00000] [id=5832]
  0x00000123d746e800 GCTaskThread "GC Thread#2" [stack: 0x00000022f2d00000,0x00000022f2e00000] [id=1908]
  0x00000123d8835800 GCTaskThread "GC Thread#3" [stack: 0x00000022f3d00000,0x00000022f3e00000] [id=8336]
  0x00000123bab27800 ConcurrentGCThread "G1 Main Marker" [stack: 0x00000022f1c00000,0x00000022f1d00000] [id=3484]
  0x00000123bab29000 ConcurrentGCThread "G1 Conc#0" [stack: 0x00000022f1d00000,0x00000022f1e00000] [id=3332]
  0x00000123babb8800 ConcurrentGCThread "G1 Refine#0" [stack: 0x00000022f1e00000,0x00000022f1f00000] [id=8504]
  0x00000123babb9800 ConcurrentGCThread "G1 Young RemSet Sampling" [stack: 0x00000022f1f00000,0x00000022f2000000] [id=1092]

Threads with active compile tasks:

VM state:at safepoint (normal execution)

VM Mutex/Monitor currently owned by a thread:  ([mutex/lock_event])
[0x00000123baad6c00] Threads_lock - owner thread: 0x00000123d649d000
[0x00000123baad58e0] Heap_lock - owner thread: 0x00000123bab27800

Heap address: 0x0000000080000000, size: 2048 MB, Compressed Oops mode: 32-bit
Narrow klass base: 0x0000000000000000, Narrow klass shift: 3
Compressed class space size: 1073741824 Address: 0x0000000100000000

Heap:
 garbage-first heap   total 189440K, used 161671K [0x0000000080000000, 0x0000000100000000)
  region size 1024K, 10 young (10240K), 2 survivors (2048K)
 Metaspace       used 85506K, capacity 92173K, committed 92440K, reserved 1128448K
  class space    used 11165K, capacity 13632K, committed 13644K, reserved 1048576K
Heap Regions: E=young(eden), S=young(survivor), O=old, HS=humongous(starts), HC=humongous(continues), CS=collection set, F=free, A=archive, TAMS=top-at-mark-start (previous, next)
|   0|0x0000000080000000, 0x0000000080100000, 0x0000000080100000|100%| O|  |TAMS 0x0000000080100000, 0x0000000080100000| Untracked 
|   1|0x0000000080100000, 0x0000000080200000, 0x0000000080200000|100%| O|  |TAMS 0x0000000080200000, 0x0000000080200000| Untracked 
|   2|0x0000000080200000, 0x0000000080300000, 0x0000000080300000|100%| O|  |TAMS 0x0000000080300000, 0x0000000080300000| Untracked 
|   3|0x0000000080300000, 0x0000000080400000, 0x0000000080400000|100%|HS|  |TAMS 0x0000000080400000, 0x0000000080400000| Complete 
|   4|0x0000000080400000, 0x0000000080500000, 0x0000000080500000|100%|HC|  |TAMS 0x0000000080500000, 0x0000000080500000| Complete 
|   5|0x0000000080500000, 0x0000000080600000, 0x0000000080600000|100%|HC|  |TAMS 0x0000000080600000, 0x0000000080600000| Complete 
|   6|0x0000000080600000, 0x0000000080700000, 0x0000000080700000|100%| O|  |TAMS 0x0000000080700000, 0x0000000080700000| Untracked 
|   7|0x0000000080700000, 0x0000000080800000, 0x0000000080800000|100%| O|  |TAMS 0x0000000080800000, 0x0000000080800000| Untracked 
|   8|0x0000000080800000, 0x0000000080900000, 0x0000000080900000|100%| O|  |TAMS 0x0000000080900000, 0x0000000080900000| Untracked 
|   9|0x0000000080900000, 0x0000000080a00000, 0x0000000080a00000|100%| O|  |TAMS 0x0000000080a00000, 0x0000000080a00000| Untracked 
|  10|0x0000000080a00000, 0x0000000080b00000, 0x0000000080b00000|100%| O|  |TAMS 0x0000000080b00000, 0x0000000080b00000| Untracked 
|  11|0x0000000080b00000, 0x0000000080c00000, 0x0000000080c00000|100%| O|  |TAMS 0x0000000080c00000, 0x0000000080c00000| Untracked 
|  12|0x0000000080c00000, 0x0000000080d00000, 0x0000000080d00000|100%| O|  |TAMS 0x0000000080d00000, 0x0000000080d00000| Untracked 
|  13|0x0000000080d00000, 0x0000000080e00000, 0x0000000080e00000|100%| O|  |TAMS 0x0000000080e00000, 0x0000000080e00000| Untracked 
|  14|0x0000000080e00000, 0x0000000080f00000, 0x0000000080f00000|100%| O|  |TAMS 0x0000000080f00000, 0x0000000080f00000| Untracked 
|  15|0x0000000080f00000, 0x0000000081000000, 0x0000000081000000|100%| O|  |TAMS 0x0000000081000000, 0x0000000081000000| Untracked 
|  16|0x0000000081000000, 0x0000000081100000, 0x0000000081100000|100%| O|  |TAMS 0x0000000081100000, 0x0000000081100000| Untracked 
|  17|0x0000000081100000, 0x0000000081200000, 0x0000000081200000|100%| O|  |TAMS 0x0000000081200000, 0x0000000081200000| Untracked 
|  18|0x0000000081200000, 0x0000000081300000, 0x0000000081300000|100%| O|  |TAMS 0x0000000081300000, 0x0000000081300000| Untracked 
|  19|0x0000000081300000, 0x0000000081400000, 0x0000000081400000|100%| O|  |TAMS 0x0000000081400000, 0x0000000081400000| Untracked 
|  20|0x0000000081400000, 0x0000000081500000, 0x0000000081500000|100%| O|  |TAMS 0x0000000081500000, 0x0000000081500000| Untracked 
|  21|0x0000000081500000, 0x0000000081600000, 0x0000000081600000|100%| O|  |TAMS 0x0000000081600000, 0x0000000081600000| Untracked 
|  22|0x0000000081600000, 0x0000000081700000, 0x0000000081700000|100%| O|  |TAMS 0x0000000081700000, 0x0000000081700000| Untracked 
|  23|0x0000000081700000, 0x0000000081800000, 0x0000000081800000|100%| O|  |TAMS 0x0000000081800000, 0x0000000081800000| Untracked 
|  24|0x0000000081800000, 0x0000000081900000, 0x0000000081900000|100%| O|  |TAMS 0x0000000081900000, 0x0000000081900000| Untracked 
|  25|0x0000000081900000, 0x0000000081a00000, 0x0000000081a00000|100%| O|  |TAMS 0x0000000081a00000, 0x0000000081a00000| Untracked 
|  26|0x0000000081a00000, 0x0000000081b00000, 0x0000000081b00000|100%| O|  |TAMS 0x0000000081b00000, 0x0000000081b00000| Untracked 
|  27|0x0000000081b00000, 0x0000000081c00000, 0x0000000081c00000|100%| O|  |TAMS 0x0000000081c00000, 0x0000000081c00000| Untracked 
|  28|0x0000000081c00000, 0x0000000081d00000, 0x0000000081d00000|100%| O|  |TAMS 0x0000000081d00000, 0x0000000081d00000| Untracked 
|  29|0x0000000081d00000, 0x0000000081e00000, 0x0000000081e00000|100%| O|  |TAMS 0x0000000081e00000, 0x0000000081e00000| Untracked 
|  30|0x0000000081e00000, 0x0000000081f00000, 0x0000000081f00000|100%| O|  |TAMS 0x0000000081f00000, 0x0000000081f00000| Untracked 
|  31|0x0000000081f00000, 0x0000000082000000, 0x0000000082000000|100%| O|  |TAMS 0x0000000082000000, 0x0000000082000000| Untracked 
|  32|0x0000000082000000, 0x0000000082100000, 0x0000000082100000|100%| O|  |TAMS 0x0000000082100000, 0x0000000082100000| Untracked 
|  33|0x0000000082100000, 0x0000000082200000, 0x0000000082200000|100%| O|  |TAMS 0x0000000082200000, 0x0000000082200000| Untracked 
|  34|0x0000000082200000, 0x0000000082300000, 0x0000000082300000|100%| O|  |TAMS 0x0000000082300000, 0x0000000082300000| Untracked 
|  35|0x0000000082300000, 0x0000000082400000, 0x0000000082400000|100%| O|  |TAMS 0x0000000082400000, 0x0000000082400000| Untracked 
|  36|0x0000000082400000, 0x0000000082500000, 0x0000000082500000|100%| O|  |TAMS 0x0000000082500000, 0x0000000082500000| Untracked 
|  37|0x0000000082500000, 0x0000000082600000, 0x0000000082600000|100%| O|  |TAMS 0x0000000082500000, 0x0000000082600000| Untracked 
|  38|0x0000000082600000, 0x0000000082700000, 0x0000000082700000|100%| O|  |TAMS 0x0000000082700000, 0x0000000082700000| Untracked 
|  39|0x0000000082700000, 0x0000000082800000, 0x0000000082800000|100%| O|  |TAMS 0x0000000082800000, 0x0000000082800000| Untracked 
|  40|0x0000000082800000, 0x0000000082900000, 0x0000000082900000|100%| O|  |TAMS 0x0000000082900000, 0x0000000082900000| Untracked 
|  41|0x0000000082900000, 0x0000000082a00000, 0x0000000082a00000|100%| O|  |TAMS 0x0000000082a00000, 0x0000000082a00000| Untracked 
|  42|0x0000000082a00000, 0x0000000082b00000, 0x0000000082b00000|100%|HS|  |TAMS 0x0000000082b00000, 0x0000000082b00000| Complete 
|  43|0x0000000082b00000, 0x0000000082c00000, 0x0000000082c00000|100%| O|  |TAMS 0x0000000082c00000, 0x0000000082c00000| Untracked 
|  44|0x0000000082c00000, 0x0000000082d00000, 0x0000000082d00000|100%| O|  |TAMS 0x0000000082d00000, 0x0000000082d00000| Untracked 
|  45|0x0000000082d00000, 0x0000000082e00000, 0x0000000082e00000|100%|HS|  |TAMS 0x0000000082e00000, 0x0000000082e00000| Complete 
|  46|0x0000000082e00000, 0x0000000082f00000, 0x0000000082f00000|100%|HC|  |TAMS 0x0000000082f00000, 0x0000000082f00000| Complete 
|  47|0x0000000082f00000, 0x0000000083000000, 0x0000000083000000|100%| O|  |TAMS 0x0000000083000000, 0x0000000083000000| Untracked 
|  48|0x0000000083000000, 0x0000000083100000, 0x0000000083100000|100%| O|  |TAMS 0x0000000083100000, 0x0000000083100000| Untracked 
|  49|0x0000000083100000, 0x0000000083200000, 0x0000000083200000|100%| O|  |TAMS 0x0000000083200000, 0x0000000083200000| Untracked 
|  50|0x0000000083200000, 0x0000000083300000, 0x0000000083300000|100%| O|  |TAMS 0x0000000083300000, 0x0000000083300000| Untracked 
|  51|0x0000000083300000, 0x0000000083400000, 0x0000000083400000|100%| O|  |TAMS 0x0000000083400000, 0x0000000083400000| Untracked 
|  52|0x0000000083400000, 0x0000000083500000, 0x0000000083500000|100%| O|  |TAMS 0x0000000083500000, 0x0000000083500000| Untracked 
|  53|0x0000000083500000, 0x0000000083600000, 0x0000000083600000|100%| O|  |TAMS 0x0000000083600000, 0x0000000083600000| Untracked 
|  54|0x0000000083600000, 0x0000000083700000, 0x0000000083700000|100%| O|  |TAMS 0x0000000083700000, 0x0000000083700000| Untracked 
|  55|0x0000000083700000, 0x0000000083800000, 0x0000000083800000|100%| O|  |TAMS 0x0000000083800000, 0x0000000083800000| Untracked 
|  56|0x0000000083800000, 0x0000000083900000, 0x0000000083900000|100%| O|  |TAMS 0x0000000083900000, 0x0000000083900000| Untracked 
|  57|0x0000000083900000, 0x0000000083a00000, 0x0000000083a00000|100%| O|  |TAMS 0x0000000083a00000, 0x0000000083a00000| Untracked 
|  58|0x0000000083a00000, 0x0000000083b00000, 0x0000000083b00000|100%| O|  |TAMS 0x0000000083b00000, 0x0000000083b00000| Untracked 
|  59|0x0000000083b00000, 0x0000000083c00000, 0x0000000083c00000|100%| O|  |TAMS 0x0000000083c00000, 0x0000000083c00000| Untracked 
|  60|0x0000000083c00000, 0x0000000083d00000, 0x0000000083d00000|100%| O|  |TAMS 0x0000000083d00000, 0x0000000083d00000| Untracked 
|  61|0x0000000083d00000, 0x0000000083e00000, 0x0000000083e00000|100%| O|  |TAMS 0x0000000083e00000, 0x0000000083e00000| Untracked 
|  62|0x0000000083e00000, 0x0000000083f00000, 0x0000000083f00000|100%| O|  |TAMS 0x0000000083e00000, 0x0000000083f00000| Untracked 
|  63|0x0000000083f00000, 0x0000000084000000, 0x0000000084000000|100%| O|  |TAMS 0x0000000084000000, 0x0000000084000000| Untracked 
|  64|0x0000000084000000, 0x0000000084100000, 0x0000000084100000|100%| O|  |TAMS 0x0000000084100000, 0x0000000084100000| Untracked 
|  65|0x0000000084100000, 0x0000000084200000, 0x0000000084200000|100%| O|  |TAMS 0x0000000084200000, 0x0000000084200000| Untracked 
|  66|0x0000000084200000, 0x0000000084300000, 0x0000000084300000|100%| O|  |TAMS 0x0000000084300000, 0x0000000084300000| Untracked 
|  67|0x0000000084300000, 0x0000000084400000, 0x0000000084400000|100%| O|  |TAMS 0x0000000084400000, 0x0000000084400000| Untracked 
|  68|0x0000000084400000, 0x0000000084500000, 0x0000000084500000|100%| O|  |TAMS 0x0000000084500000, 0x0000000084500000| Untracked 
|  69|0x0000000084500000, 0x0000000084600000, 0x0000000084600000|100%| O|  |TAMS 0x0000000084600000, 0x0000000084600000| Untracked 
|  70|0x0000000084600000, 0x0000000084700000, 0x0000000084700000|100%| O|  |TAMS 0x0000000084700000, 0x0000000084700000| Untracked 
|  71|0x0000000084700000, 0x0000000084800000, 0x0000000084800000|100%| O|  |TAMS 0x0000000084800000, 0x0000000084800000| Untracked 
|  72|0x0000000084800000, 0x0000000084900000, 0x0000000084900000|100%| O|  |TAMS 0x0000000084900000, 0x0000000084900000| Untracked 
|  73|0x0000000084900000, 0x0000000084a00000, 0x0000000084a00000|100%| O|  |TAMS 0x0000000084a00000, 0x0000000084a00000| Untracked 
|  74|0x0000000084a00000, 0x0000000084b00000, 0x0000000084b00000|100%| O|  |TAMS 0x0000000084b00000, 0x0000000084b00000| Untracked 
|  75|0x0000000084b00000, 0x0000000084c00000, 0x0000000084c00000|100%| O|  |TAMS 0x0000000084c00000, 0x0000000084c00000| Untracked 
|  76|0x0000000084c00000, 0x0000000084d00000, 0x0000000084d00000|100%| O|  |TAMS 0x0000000084d00000, 0x0000000084d00000| Untracked 
|  77|0x0000000084d00000, 0x0000000084e00000, 0x0000000084e00000|100%| O|  |TAMS 0x0000000084e00000, 0x0000000084e00000| Untracked 
|  78|0x0000000084e00000, 0x0000000084f00000, 0x0000000084f00000|100%| O|  |TAMS 0x0000000084f00000, 0x0000000084f00000| Untracked 
|  79|0x0000000084f00000, 0x0000000085000000, 0x0000000085000000|100%| O|  |TAMS 0x0000000085000000, 0x0000000085000000| Untracked 
|  80|0x0000000085000000, 0x0000000085100000, 0x0000000085100000|100%| O|  |TAMS 0x0000000085100000, 0x0000000085100000| Untracked 
|  81|0x0000000085100000, 0x0000000085200000, 0x0000000085200000|100%| O|  |TAMS 0x0000000085200000, 0x0000000085200000| Untracked 
|  82|0x0000000085200000, 0x0000000085300000, 0x0000000085300000|100%| O|  |TAMS 0x0000000085300000, 0x0000000085300000| Untracked 
|  83|0x0000000085300000, 0x0000000085400000, 0x0000000085400000|100%| O|  |TAMS 0x0000000085400000, 0x0000000085400000| Untracked 
|  84|0x0000000085400000, 0x0000000085500000, 0x0000000085500000|100%| O|  |TAMS 0x0000000085500000, 0x0000000085500000| Untracked 
|  85|0x0000000085500000, 0x0000000085600000, 0x0000000085600000|100%|HS|  |TAMS 0x0000000085600000, 0x0000000085600000| Complete 
|  86|0x0000000085600000, 0x0000000085700000, 0x0000000085700000|100%|HC|  |TAMS 0x0000000085700000, 0x0000000085700000| Complete 
|  87|0x0000000085700000, 0x0000000085800000, 0x0000000085800000|100%|HC|  |TAMS 0x0000000085800000, 0x0000000085800000| Complete 
|  88|0x0000000085800000, 0x0000000085900000, 0x0000000085900000|100%| O|  |TAMS 0x0000000085900000, 0x0000000085900000| Untracked 
|  89|0x0000000085900000, 0x0000000085a00000, 0x0000000085a00000|100%| O|  |TAMS 0x0000000085a00000, 0x0000000085a00000| Untracked 
|  90|0x0000000085a00000, 0x0000000085b00000, 0x0000000085b00000|100%| O|  |TAMS 0x0000000085b00000, 0x0000000085b00000| Untracked 
|  91|0x0000000085b00000, 0x0000000085c00000, 0x0000000085c00000|100%| O|  |TAMS 0x0000000085c00000, 0x0000000085c00000| Untracked 
|  92|0x0000000085c00000, 0x0000000085d00000, 0x0000000085d00000|100%| O|  |TAMS 0x0000000085d00000, 0x0000000085d00000| Untracked 
|  93|0x0000000085d00000, 0x0000000085e00000, 0x0000000085e00000|100%| O|  |TAMS 0x0000000085e00000, 0x0000000085e00000| Untracked 
|  94|0x0000000085e00000, 0x0000000085f00000, 0x0000000085f00000|100%| O|  |TAMS 0x0000000085f00000, 0x0000000085f00000| Untracked 
|  95|0x0000000085f00000, 0x0000000086000000, 0x0000000086000000|100%| O|  |TAMS 0x0000000086000000, 0x0000000086000000| Untracked 
|  96|0x0000000086000000, 0x0000000086100000, 0x0000000086100000|100%| O|  |TAMS 0x0000000086100000, 0x0000000086100000| Untracked 
|  97|0x0000000086100000, 0x0000000086200000, 0x0000000086200000|100%| O|  |TAMS 0x0000000086200000, 0x0000000086200000| Untracked 
|  98|0x0000000086200000, 0x0000000086300000, 0x0000000086300000|100%| O|  |TAMS 0x0000000086300000, 0x0000000086300000| Untracked 
|  99|0x0000000086300000, 0x0000000086400000, 0x0000000086400000|100%| O|  |TAMS 0x0000000086400000, 0x0000000086400000| Untracked 
| 100|0x0000000086400000, 0x0000000086500000, 0x0000000086500000|100%| O|  |TAMS 0x0000000086500000, 0x0000000086500000| Untracked 
| 101|0x0000000086500000, 0x0000000086600000, 0x0000000086600000|100%| O|  |TAMS 0x0000000086600000, 0x0000000086600000| Untracked 
| 102|0x0000000086600000, 0x0000000086700000, 0x0000000086700000|100%| O|  |TAMS 0x0000000086700000, 0x0000000086700000| Untracked 
| 103|0x0000000086700000, 0x0000000086800000, 0x0000000086800000|100%| O|  |TAMS 0x0000000086800000, 0x0000000086800000| Untracked 
| 104|0x0000000086800000, 0x0000000086900000, 0x0000000086900000|100%|HS|  |TAMS 0x0000000086900000, 0x0000000086900000| Complete 
| 105|0x0000000086900000, 0x0000000086a00000, 0x0000000086a00000|100%|HC|  |TAMS 0x0000000086a00000, 0x0000000086a00000| Complete 
| 106|0x0000000086a00000, 0x0000000086b00000, 0x0000000086b00000|100%|HC|  |TAMS 0x0000000086b00000, 0x0000000086b00000| Complete 
| 107|0x0000000086b00000, 0x0000000086c00000, 0x0000000086c00000|100%| O|  |TAMS 0x0000000086c00000, 0x0000000086c00000| Untracked 
| 108|0x0000000086c00000, 0x0000000086d00000, 0x0000000086d00000|100%| O|  |TAMS 0x0000000086d00000, 0x0000000086d00000| Untracked 
| 109|0x0000000086d00000, 0x0000000086e00000, 0x0000000086e00000|100%| O|  |TAMS 0x0000000086e00000, 0x0000000086e00000| Untracked 
| 110|0x0000000086e00000, 0x0000000086f00000, 0x0000000086f00000|100%| O|  |TAMS 0x0000000086f00000, 0x0000000086f00000| Untracked 
| 111|0x0000000086f00000, 0x0000000087000000, 0x0000000087000000|100%| O|  |TAMS 0x0000000087000000, 0x0000000087000000| Untracked 
| 112|0x0000000087000000, 0x0000000087100000, 0x0000000087100000|100%| O|  |TAMS 0x0000000087100000, 0x0000000087100000| Untracked 
| 113|0x0000000087100000, 0x0000000087200000, 0x0000000087200000|100%| O|  |TAMS 0x0000000087200000, 0x0000000087200000| Untracked 
| 114|0x0000000087200000, 0x0000000087300000, 0x0000000087300000|100%| O|  |TAMS 0x0000000087300000, 0x0000000087300000| Untracked 
| 115|0x0000000087300000, 0x0000000087400000, 0x0000000087400000|100%| O|  |TAMS 0x0000000087400000, 0x0000000087400000| Untracked 
| 116|0x0000000087400000, 0x0000000087500000, 0x0000000087500000|100%| O|  |TAMS 0x0000000087500000, 0x0000000087500000| Untracked 
| 117|0x0000000087500000, 0x0000000087600000, 0x0000000087600000|100%| O|  |TAMS 0x0000000087600000, 0x0000000087600000| Untracked 
| 118|0x0000000087600000, 0x0000000087700000, 0x0000000087700000|100%| O|  |TAMS 0x0000000087700000, 0x0000000087700000| Untracked 
| 119|0x0000000087700000, 0x0000000087800000, 0x0000000087800000|100%| O|  |TAMS 0x0000000087800000, 0x0000000087800000| Untracked 
| 120|0x0000000087800000, 0x0000000087900000, 0x0000000087900000|100%| O|  |TAMS 0x0000000087900000, 0x0000000087900000| Untracked 
| 121|0x0000000087900000, 0x0000000087a00000, 0x0000000087a00000|100%| O|  |TAMS 0x0000000087a00000, 0x0000000087a00000| Untracked 
| 122|0x0000000087a00000, 0x0000000087b00000, 0x0000000087b00000|100%| O|  |TAMS 0x0000000087a00000, 0x0000000087b00000| Untracked 
| 123|0x0000000087b00000, 0x0000000087c00000, 0x0000000087c00000|100%| O|  |TAMS 0x0000000087b00000, 0x0000000087c00000| Untracked 
| 124|0x0000000087c00000, 0x0000000087d00000, 0x0000000087d00000|100%| O|  |TAMS 0x0000000087c00000, 0x0000000087d00000| Untracked 
| 125|0x0000000087d00000, 0x0000000087e00000, 0x0000000087e00000|100%| O|  |TAMS 0x0000000087d00000, 0x0000000087e00000| Untracked 
| 126|0x0000000087e00000, 0x0000000087f00000, 0x0000000087f00000|100%| O|  |TAMS 0x0000000087e00000, 0x0000000087f00000| Untracked 
| 127|0x0000000087f00000, 0x0000000088000000, 0x0000000088000000|100%| O|  |TAMS 0x0000000087f00000, 0x0000000088000000| Untracked 
| 128|0x0000000088000000, 0x0000000088100000, 0x0000000088100000|100%| O|  |TAMS 0x0000000088000000, 0x0000000088100000| Untracked 
| 129|0x0000000088100000, 0x0000000088200000, 0x0000000088200000|100%| O|  |TAMS 0x0000000088100000, 0x0000000088200000| Untracked 
| 130|0x0000000088200000, 0x0000000088300000, 0x0000000088300000|100%| O|  |TAMS 0x0000000088200000, 0x0000000088300000| Untracked 
| 131|0x0000000088300000, 0x0000000088400000, 0x0000000088400000|100%| O|  |TAMS 0x0000000088300000, 0x0000000088400000| Untracked 
| 132|0x0000000088400000, 0x0000000088500000, 0x0000000088500000|100%| O|  |TAMS 0x0000000088400000, 0x0000000088500000| Untracked 
| 133|0x0000000088500000, 0x0000000088600000, 0x0000000088600000|100%| O|  |TAMS 0x0000000088500000, 0x0000000088600000| Untracked 
| 134|0x0000000088600000, 0x0000000088700000, 0x0000000088700000|100%| O|  |TAMS 0x0000000088600000, 0x0000000088700000| Untracked 
| 135|0x0000000088700000, 0x0000000088800000, 0x0000000088800000|100%| O|  |TAMS 0x0000000088700000, 0x0000000088800000| Untracked 
| 136|0x0000000088800000, 0x0000000088900000, 0x0000000088900000|100%| O|  |TAMS 0x0000000088800000, 0x0000000088900000| Untracked 
| 137|0x0000000088900000, 0x0000000088a00000, 0x0000000088a00000|100%| O|  |TAMS 0x0000000088900000, 0x0000000088a00000| Untracked 
| 138|0x0000000088a00000, 0x0000000088b00000, 0x0000000088b00000|100%| O|  |TAMS 0x0000000088a00000, 0x0000000088b00000| Untracked 
| 139|0x0000000088b00000, 0x0000000088c00000, 0x0000000088c00000|100%| O|  |TAMS 0x0000000088b00000, 0x0000000088c00000| Untracked 
| 140|0x0000000088c00000, 0x0000000088d00000, 0x0000000088d00000|100%| O|  |TAMS 0x0000000088c00000, 0x0000000088d00000| Untracked 
| 141|0x0000000088d00000, 0x0000000088e00000, 0x0000000088e00000|100%| O|  |TAMS 0x0000000088d00000, 0x0000000088e00000| Untracked 
| 142|0x0000000088e00000, 0x0000000088f00000, 0x0000000088f00000|100%| O|  |TAMS 0x0000000088e00000, 0x0000000088f00000| Untracked 
| 143|0x0000000088f00000, 0x0000000089000000, 0x0000000089000000|100%| O|  |TAMS 0x0000000088f00000, 0x0000000089000000| Untracked 
| 144|0x0000000089000000, 0x0000000089100000, 0x0000000089100000|100%| O|  |TAMS 0x0000000089000000, 0x0000000089100000| Untracked 
| 145|0x0000000089100000, 0x0000000089200000, 0x0000000089200000|100%| O|  |TAMS 0x0000000089100000, 0x0000000089200000| Untracked 
| 146|0x0000000089200000, 0x0000000089300000, 0x0000000089300000|100%| O|  |TAMS 0x0000000089200000, 0x0000000089300000| Untracked 
| 147|0x0000000089300000, 0x0000000089400000, 0x0000000089400000|100%| O|  |TAMS 0x0000000089300000, 0x0000000089400000| Untracked 
| 148|0x0000000089400000, 0x0000000089500000, 0x0000000089500000|100%| O|  |TAMS 0x0000000089400000, 0x0000000089433c00| Untracked 
| 149|0x0000000089500000, 0x000000008957ce00, 0x0000000089600000| 48%| O|  |TAMS 0x0000000089500000, 0x0000000089500000| Untracked 
| 150|0x0000000089600000, 0x0000000089600000, 0x0000000089700000|  0%| F|  |TAMS 0x0000000089600000, 0x0000000089600000| Untracked 
| 151|0x0000000089700000, 0x0000000089700000, 0x0000000089800000|  0%| F|  |TAMS 0x0000000089700000, 0x0000000089700000| Untracked 
| 152|0x0000000089800000, 0x0000000089800000, 0x0000000089900000|  0%| F|  |TAMS 0x0000000089800000, 0x0000000089800000| Untracked 
| 153|0x0000000089900000, 0x0000000089900000, 0x0000000089a00000|  0%| F|  |TAMS 0x0000000089900000, 0x0000000089900000| Untracked 
| 154|0x0000000089a00000, 0x0000000089a00000, 0x0000000089b00000|  0%| F|  |TAMS 0x0000000089a00000, 0x0000000089a00000| Untracked 
| 155|0x0000000089b00000, 0x0000000089b00000, 0x0000000089c00000|  0%| F|  |TAMS 0x0000000089b00000, 0x0000000089b00000| Untracked 
| 156|0x0000000089c00000, 0x0000000089c00000, 0x0000000089d00000|  0%| F|  |TAMS 0x0000000089c00000, 0x0000000089c00000| Untracked 
| 157|0x0000000089d00000, 0x0000000089d00000, 0x0000000089e00000|  0%| F|  |TAMS 0x0000000089d00000, 0x0000000089d00000| Untracked 
| 158|0x0000000089e00000, 0x0000000089e00000, 0x0000000089f00000|  0%| F|  |TAMS 0x0000000089e00000, 0x0000000089e00000| Untracked 
| 159|0x0000000089f00000, 0x0000000089f00000, 0x000000008a000000|  0%| F|  |TAMS 0x0000000089f00000, 0x0000000089f00000| Untracked 
| 160|0x000000008a000000, 0x000000008a000000, 0x000000008a100000|  0%| F|  |TAMS 0x000000008a000000, 0x000000008a000000| Untracked 
| 161|0x000000008a100000, 0x000000008a100000, 0x000000008a200000|  0%| F|  |TAMS 0x000000008a100000, 0x000000008a100000| Untracked 
| 162|0x000000008a200000, 0x000000008a200000, 0x000000008a300000|  0%| F|  |TAMS 0x000000008a200000, 0x000000008a200000| Untracked 
| 163|0x000000008a300000, 0x000000008a300000, 0x000000008a400000|  0%| F|  |TAMS 0x000000008a300000, 0x000000008a300000| Untracked 
| 164|0x000000008a400000, 0x000000008a400000, 0x000000008a500000|  0%| F|  |TAMS 0x000000008a400000, 0x000000008a400000| Untracked 
| 165|0x000000008a500000, 0x000000008a500000, 0x000000008a600000|  0%| F|  |TAMS 0x000000008a500000, 0x000000008a500000| Untracked 
| 166|0x000000008a600000, 0x000000008a600000, 0x000000008a700000|  0%| F|  |TAMS 0x000000008a600000, 0x000000008a600000| Untracked 
| 167|0x000000008a700000, 0x000000008a700000, 0x000000008a800000|  0%| F|  |TAMS 0x000000008a700000, 0x000000008a700000| Untracked 
| 168|0x000000008a800000, 0x000000008a800000, 0x000000008a900000|  0%| F|  |TAMS 0x000000008a800000, 0x000000008a800000| Untracked 
| 169|0x000000008a900000, 0x000000008a900000, 0x000000008aa00000|  0%| F|  |TAMS 0x000000008a900000, 0x000000008a900000| Untracked 
| 170|0x000000008aa00000, 0x000000008aa00000, 0x000000008ab00000|  0%| F|  |TAMS 0x000000008aa00000, 0x000000008aa00000| Untracked 
| 171|0x000000008ab00000, 0x000000008ab00000, 0x000000008ac00000|  0%| F|  |TAMS 0x000000008ab00000, 0x000000008ab00000| Untracked 
| 172|0x000000008ac00000, 0x000000008ac64f90, 0x000000008ad00000| 39%| S|CS|TAMS 0x000000008ac00000, 0x000000008ac00000| Complete 
| 173|0x000000008ad00000, 0x000000008ae00000, 0x000000008ae00000|100%| S|CS|TAMS 0x000000008ad00000, 0x000000008ad00000| Complete 
| 174|0x000000008ae00000, 0x000000008ae00000, 0x000000008af00000|  0%| F|  |TAMS 0x000000008ae00000, 0x000000008ae00000| Untracked 
| 175|0x000000008af00000, 0x000000008af00000, 0x000000008b000000|  0%| F|  |TAMS 0x000000008af00000, 0x000000008af00000| Untracked 
| 176|0x000000008b000000, 0x000000008b000000, 0x000000008b100000|  0%| F|  |TAMS 0x000000008b000000, 0x000000008b000000| Untracked 
| 177|0x000000008b100000, 0x000000008b133520, 0x000000008b200000| 20%| E|  |TAMS 0x000000008b100000, 0x000000008b100000| Complete 
| 178|0x000000008b200000, 0x000000008b300000, 0x000000008b300000|100%| E|CS|TAMS 0x000000008b200000, 0x000000008b200000| Complete 
| 179|0x000000008b300000, 0x000000008b400000, 0x000000008b400000|100%| E|CS|TAMS 0x000000008b300000, 0x000000008b300000| Complete 
| 180|0x000000008b400000, 0x000000008b500000, 0x000000008b500000|100%| E|CS|TAMS 0x000000008b400000, 0x000000008b400000| Complete 
| 181|0x000000008b500000, 0x000000008b600000, 0x000000008b600000|100%| E|CS|TAMS 0x000000008b500000, 0x000000008b500000| Complete 
| 182|0x000000008b600000, 0x000000008b700000, 0x000000008b700000|100%| E|CS|TAMS 0x000000008b600000, 0x000000008b600000| Complete 
| 183|0x000000008b700000, 0x000000008b800000, 0x000000008b800000|100%| E|CS|TAMS 0x000000008b700000, 0x000000008b700000| Complete 
| 184|0x000000008b800000, 0x000000008b900000, 0x000000008b900000|100%| E|CS|TAMS 0x000000008b800000, 0x000000008b800000| Complete 

Card table byte_map: [0x00000123cf660000,0x00000123cfa60000] _byte_map_base: 0x00000123cf260000

Marking Bits (Prev, Next): (CMBitMap*) 0x00000123bab1e8f8, (CMBitMap*) 0x00000123bab1e930
 Prev Bits: [0x00000123cfe60000, 0x00000123d1e60000)
 Next Bits: [0x00000123d1e60000, 0x00000123d3e60000)

Polling page: 0x00000123ba990000

Metaspace:

Usage:
  Non-class:     76.70 MB capacity,    72.60 MB ( 95%) used,     3.85 MB (  5%) free+waste,   256.38 KB ( <1%) overhead. 
      Class:     13.31 MB capacity,    10.90 MB ( 82%) used,     2.28 MB ( 17%) free+waste,   131.44 KB ( <1%) overhead. 
       Both:     90.01 MB capacity,    83.50 MB ( 93%) used,     6.13 MB (  7%) free+waste,   387.81 KB ( <1%) overhead. 

Virtual space:
  Non-class space:       78.00 MB reserved,      76.95 MB ( 99%) committed 
      Class space:        1.00 GB reserved,      13.32 MB (  1%) committed 
             Both:        1.08 GB reserved,      90.27 MB (  8%) committed 

Chunk freelists:
   Non-Class:  3.00 KB
       Class:  0 bytes
        Both:  3.00 KB

MaxMetaspaceSize: 17179869184.00 GB
CompressedClassSpaceSize: 1.00 GB

CodeHeap 'non-profiled nmethods': size=120064Kb used=7572Kb max_used=7572Kb free=112491Kb
 bounds [0x00000123c7700000, 0x00000123c7e70000, 0x00000123cec40000]
CodeHeap 'profiled nmethods': size=120000Kb used=25280Kb max_used=25280Kb free=94719Kb
 bounds [0x00000123c01d0000, 0x00000123c1a90000, 0x00000123c7700000]
CodeHeap 'non-nmethods': size=5696Kb used=2260Kb max_used=2312Kb free=3435Kb
 bounds [0x00000123bfc40000, 0x00000123bfeb0000, 0x00000123c01d0000]
 total_blobs=12270 nmethods=11413 adapters=768
 compilation: enabled
              stopped_count=0, restarted_count=0
 full_count=0

Compilation events (20 events):
Event: 56.908 Thread 0x00000123d64c9000 nmethod 12269 0x00000123c1a85590 code [0x00000123c1a85740, 0x00000123c1a85888]
Event: 56.908 Thread 0x00000123d9086800 12267   !   4       com.sun.org.apache.xerces.internal.impl.XMLDocumentFragmentScannerImpl$FragmentContentDriver::next (2329 bytes)
Event: 56.925 Thread 0x00000123d9086800 nmethod 12267 0x00000123c7e59610 code [0x00000123c7e59960, 0x00000123c7e5a878]
Event: 56.925 Thread 0x00000123d9086800 12272  s    4       org.apache.tools.ant.IntrospectionHelper::getHelper (57 bytes)
Event: 56.932 Thread 0x00000123d64bf000 nmethod 12264 0x00000123c7e5b590 code [0x00000123c7e5b860, 0x00000123c7e5d220]
Event: 56.932 Thread 0x00000123d64bf000 12270       4       org.apache.tools.ant.property.ParseProperties$$Lambda$268/0x00000001004e9040::apply (20 bytes)
Event: 56.934 Thread 0x00000123d9086800 nmethod 12272 0x00000123c7e5e010 code [0x00000123c7e5e240, 0x00000123c7e5edf0]
Event: 56.934 Thread 0x00000123d9086800 12271       4       org.apache.tools.ant.property.ParseProperties$$Lambda$269/0x00000001004e9440::test (8 bytes)
Event: 56.935 Thread 0x00000123d64bf000 nmethod 12270 0x00000123c7e5f310 code [0x00000123c7e5f4e0, 0x00000123c7e5f7f8]
Event: 56.935 Thread 0x00000123d64bf000 12268       4       com.sun.org.apache.xerces.internal.utils.XMLSecurityManager::isNoLimit (10 bytes)
Event: 56.935 Thread 0x00000123d9086800 nmethod 12271 0x00000123c7e5fb90 code [0x00000123c7e5fd20, 0x00000123c7e5fdb8]
Event: 56.935 Thread 0x00000123d64bf000 nmethod 12268 0x00000123c7e5fe90 code [0x00000123c7e60020, 0x00000123c7e60098]
Event: 57.004 Thread 0x00000123d9086800 12273       4       java.io.File::<init> (113 bytes)
Event: 57.024 Thread 0x00000123d64bf000 12274       4       java.io.WinNTFileSystem::resolve (275 bytes)
Event: 57.028 Thread 0x00000123d9086800 nmethod 12273 0x00000123c7e60110 code [0x00000123c7e60400, 0x00000123c7e61ec8]
Event: 57.041 Thread 0x00000123d64bf000 nmethod 12274 0x00000123c7e63110 code [0x00000123c7e63360, 0x00000123c7e64410]
Event: 58.093 Thread 0x00000123d64c9000 12275       3       org.apache.tools.ant.DirectoryScanner::fillNonPatternSet (124 bytes)
Event: 58.095 Thread 0x00000123d64c9000 nmethod 12275 0x00000123c1a85910 code [0x00000123c1a85c80, 0x00000123c1a87668]
Event: 58.107 Thread 0x00000123d64c9000 12276       1       com.sun.management.internal.PlatformMBeanProviderImpl$2::mbeanInterfaceNames (5 bytes)
Event: 58.107 Thread 0x00000123d64c9000 nmethod 12276 0x00000123c7e65010 code [0x00000123c7e651c0, 0x00000123c7e65278]

GC Heap History (20 events):
Event: 36.377 GC heap before
{Heap before GC invocations=40 (full 0):
 garbage-first heap   total 189440K, used 156375K [0x0000000080000000, 0x0000000100000000)
  region size 1024K, 23 young (23552K), 2 survivors (2048K)
 Metaspace       used 84870K, capacity 91409K, committed 91672K, reserved 1128448K
  class space    used 11088K, capacity 13590K, committed 13644K, reserved 1048576K
}
Event: 36.389 GC heap after
{Heap after GC invocations=41 (full 0):
 garbage-first heap   total 189440K, used 138939K [0x0000000080000000, 0x0000000100000000)
  region size 1024K, 3 young (3072K), 3 survivors (3072K)
 Metaspace       used 84870K, capacity 91409K, committed 91672K, reserved 1128448K
  class space    used 11088K, capacity 13590K, committed 13644K, reserved 1048576K
}
Event: 57.013 GC heap before
{Heap before GC invocations=41 (full 0):
 garbage-first heap   total 189440K, used 158395K [0x0000000080000000, 0x0000000100000000)
  region size 1024K, 22 young (22528K), 3 survivors (3072K)
 Metaspace       used 85506K, capacity 92173K, committed 92440K, reserved 1128448K
  class space    used 11165K, capacity 13632K, committed 13644K, reserved 1048576K
}
Event: 57.020 GC heap after
{Heap after GC invocations=42 (full 0):
 garbage-first heap   total 189440K, used 141861K [0x0000000080000000, 0x0000000100000000)
  region size 1024K, 3 young (3072K), 3 survivors (3072K)
 Metaspace       used 85506K, capacity 92173K, committed 92440K, reserved 1128448K
  class space    used 11165K, capacity 13632K, committed 13644K, reserved 1048576K
}
Event: 57.233 GC heap before
{Heap before GC invocations=42 (full 0):
 garbage-first heap   total 189440K, used 160293K [0x0000000080000000, 0x0000000100000000)
  region size 1024K, 21 young (21504K), 3 survivors (3072K)
 Metaspace       used 85506K, capacity 92173K, committed 92440K, reserved 1128448K
  class space    used 11165K, capacity 13632K, committed 13644K, reserved 1048576K
}
Event: 57.236 GC heap after
{Heap after GC invocations=43 (full 0):
 garbage-first heap   total 189440K, used 143360K [0x0000000080000000, 0x0000000100000000)
  region size 1024K, 2 young (2048K), 2 survivors (2048K)
 Metaspace       used 85506K, capacity 92173K, committed 92440K, reserved 1128448K
  class space    used 11165K, capacity 13632K, committed 13644K, reserved 1048576K
}
Event: 57.459 GC heap before
{Heap before GC invocations=43 (full 0):
 garbage-first heap   total 189440K, used 161792K [0x0000000080000000, 0x0000000100000000)
  region size 1024K, 20 young (20480K), 2 survivors (2048K)
 Metaspace       used 85506K, capacity 92173K, committed 92440K, reserved 1128448K
  class space    used 11165K, capacity 13632K, committed 13644K, reserved 1048576K
}
Event: 57.462 GC heap after
{Heap after GC invocations=44 (full 0):
 garbage-first heap   total 189440K, used 145146K [0x0000000080000000, 0x0000000100000000)
  region size 1024K, 2 young (2048K), 2 survivors (2048K)
 Metaspace       used 85506K, capacity 92173K, committed 92440K, reserved 1128448K
  class space    used 11165K, capacity 13632K, committed 13644K, reserved 1048576K
}
Event: 57.673 GC heap before
{Heap before GC invocations=44 (full 0):
 garbage-first heap   total 189440K, used 161530K [0x0000000080000000, 0x0000000100000000)
  region size 1024K, 19 young (19456K), 2 survivors (2048K)
 Metaspace       used 85506K, capacity 92173K, committed 92440K, reserved 1128448K
  class space    used 11165K, capacity 13632K, committed 13644K, reserved 1048576K
}
Event: 57.677 GC heap after
{Heap after GC invocations=45 (full 0):
 garbage-first heap   total 189440K, used 147141K [0x0000000080000000, 0x0000000100000000)
  region size 1024K, 3 young (3072K), 3 survivors (3072K)
 Metaspace       used 85506K, capacity 92173K, committed 92440K, reserved 1128448K
  class space    used 11165K, capacity 13632K, committed 13644K, reserved 1048576K
}
Event: 57.859 GC heap before
{Heap before GC invocations=45 (full 0):
 garbage-first heap   total 189440K, used 162501K [0x0000000080000000, 0x0000000100000000)
  region size 1024K, 18 young (18432K), 3 survivors (3072K)
 Metaspace       used 85506K, capacity 92173K, committed 92440K, reserved 1128448K
  class space    used 11165K, capacity 13632K, committed 13644K, reserved 1048576K
}
Event: 57.864 GC heap after
{Heap after GC invocations=46 (full 0):
 garbage-first heap   total 189440K, used 148912K [0x0000000080000000, 0x0000000100000000)
  region size 1024K, 2 young (2048K), 2 survivors (2048K)
 Metaspace       used 85506K, capacity 92173K, committed 92440K, reserved 1128448K
  class space    used 11165K, capacity 13632K, committed 13644K, reserved 1048576K
}
Event: 58.043 GC heap before
{Heap before GC invocations=46 (full 0):
 garbage-first heap   total 189440K, used 164272K [0x0000000080000000, 0x0000000100000000)
  region size 1024K, 17 young (17408K), 2 survivors (2048K)
 Metaspace       used 85506K, capacity 92173K, committed 92440K, reserved 1128448K
  class space    used 11165K, capacity 13632K, committed 13644K, reserved 1048576K
}
Event: 58.047 GC heap after
{Heap after GC invocations=47 (full 0):
 garbage-first heap   total 189440K, used 150339K [0x0000000080000000, 0x0000000100000000)
  region size 1024K, 3 young (3072K), 3 survivors (3072K)
 Metaspace       used 85506K, capacity 92173K, committed 92440K, reserved 1128448K
  class space    used 11165K, capacity 13632K, committed 13644K, reserved 1048576K
}
Event: 58.199 GC heap before
{Heap before GC invocations=47 (full 0):
 garbage-first heap   total 189440K, used 164675K [0x0000000080000000, 0x0000000100000000)
  region size 1024K, 17 young (17408K), 3 survivors (3072K)
 Metaspace       used 85506K, capacity 92173K, committed 92440K, reserved 1128448K
  class space    used 11165K, capacity 13632K, committed 13644K, reserved 1048576K
}
Event: 58.203 GC heap after
{Heap after GC invocations=48 (full 0):
 garbage-first heap   total 189440K, used 151773K [0x0000000080000000, 0x0000000100000000)
  region size 1024K, 3 young (3072K), 3 survivors (3072K)
 Metaspace       used 85506K, capacity 92173K, committed 92440K, reserved 1128448K
  class space    used 11165K, capacity 13632K, committed 13644K, reserved 1048576K
}
Event: 58.349 GC heap before
{Heap before GC invocations=48 (full 0):
 garbage-first heap   total 189440K, used 165085K [0x0000000080000000, 0x0000000100000000)
  region size 1024K, 16 young (16384K), 3 survivors (3072K)
 Metaspace       used 85506K, capacity 92173K, committed 92440K, reserved 1128448K
  class space    used 11165K, capacity 13632K, committed 13644K, reserved 1048576K
}
Event: 58.353 GC heap after
{Heap after GC invocations=49 (full 0):
 garbage-first heap   total 189440K, used 153278K [0x0000000080000000, 0x0000000100000000)
  region size 1024K, 2 young (2048K), 2 survivors (2048K)
 Metaspace       used 85506K, capacity 92173K, committed 92440K, reserved 1128448K
  class space    used 11165K, capacity 13632K, committed 13644K, reserved 1048576K
}
Event: 58.491 GC heap before
{Heap before GC invocations=49 (full 0):
 garbage-first heap   total 189440K, used 164542K [0x0000000080000000, 0x0000000100000000)
  region size 1024K, 13 young (13312K), 2 survivors (2048K)
 Metaspace       used 85506K, capacity 92173K, committed 92440K, reserved 1128448K
  class space    used 11165K, capacity 13632K, committed 13644K, reserved 1048576K
}
Event: 58.494 GC heap after
{Heap after GC invocations=50 (full 0):
 garbage-first heap   total 189440K, used 154503K [0x0000000080000000, 0x0000000100000000)
  region size 1024K, 2 young (2048K), 2 survivors (2048K)
 Metaspace       used 85506K, capacity 92173K, committed 92440K, reserved 1128448K
  class space    used 11165K, capacity 13632K, committed 13644K, reserved 1048576K
}

Deoptimization events (20 events):
Event: 56.790 Thread 0x00000123d9760800 Uncommon trap: trap_request=0xffffff4d fr.pc=0x00000123c7d54314 relative=0x00000000000013b4
Event: 56.790 Thread 0x00000123d9760800 Uncommon trap: reason=unstable_if action=reinterpret pc=0x00000123c7d54314 method=org.gradle.cache.internal.DefaultCrossBuildInMemoryCacheFactory$AbstractCrossBuildInMemoryCache.getIfPresentWithoutLock(Ljava/lang/Object;)Ljava/lang/Object; @ 24 c2
Event: 56.790 Thread 0x00000123d9760800 DEOPT PACKING pc=0x00000123c7d54314 sp=0x00000022f36fb270
Event: 56.790 Thread 0x00000123d9760800 DEOPT UNPACKING pc=0x00000123bfc674af sp=0x00000022f36fb1e0 mode 2
Event: 56.794 Thread 0x00000123d9760800 Uncommon trap: trap_request=0xffffff4d fr.pc=0x00000123c7d0c0f8 relative=0x0000000000000058
Event: 56.794 Thread 0x00000123d9760800 Uncommon trap: reason=unstable_if action=reinterpret pc=0x00000123c7d0c0f8 method=org.gradle.internal.operations.UnmanagedBuildOperationWrapper.maybeStartUnmanagedThreadOperation(Lorg/gradle/internal/operations/BuildOperationState;)Lorg/gradle/internal/op
Event: 56.794 Thread 0x00000123d9760800 DEOPT PACKING pc=0x00000123c7d0c0f8 sp=0x00000022f36fd450
Event: 56.794 Thread 0x00000123d9760800 DEOPT UNPACKING pc=0x00000123bfc674af sp=0x00000022f36fd3d8 mode 2
Event: 56.794 Thread 0x00000123d9760800 Uncommon trap: trap_request=0xffffff4d fr.pc=0x00000123c7d9a0b0 relative=0x00000000000012d0
Event: 56.794 Thread 0x00000123d9760800 Uncommon trap: reason=unstable_if action=reinterpret pc=0x00000123c7d9a0b0 method=org.gradle.internal.operations.DefaultBuildOperationRunner.execute(Lorg/gradle/internal/operations/BuildOperationDescriptor$Builder;Lorg/gradle/internal/operations/BuildOper
Event: 56.794 Thread 0x00000123d9760800 DEOPT PACKING pc=0x00000123c7d9a0b0 sp=0x00000022f36fd300
Event: 56.794 Thread 0x00000123d9760800 DEOPT UNPACKING pc=0x00000123bfc674af sp=0x00000022f36fd2c0 mode 2
Event: 56.794 Thread 0x00000123d9760800 Uncommon trap: trap_request=0xffffff4d fr.pc=0x00000123c7cb076c relative=0x000000000000010c
Event: 56.794 Thread 0x00000123d9760800 Uncommon trap: reason=unstable_if action=reinterpret pc=0x00000123c7cb076c method=org.gradle.internal.operations.DefaultBuildOperationAncestryTracker.started(Lorg/gradle/internal/operations/BuildOperationDescriptor;Lorg/gradle/internal/operations/Operatio
Event: 56.794 Thread 0x00000123d9760800 DEOPT PACKING pc=0x00000123c7cb076c sp=0x00000022f36fcf50
Event: 56.794 Thread 0x00000123d9760800 DEOPT UNPACKING pc=0x00000123bfc674af sp=0x00000022f36fce78 mode 2
Event: 56.907 Thread 0x00000123d9760800 Uncommon trap: trap_request=0xfffffff4 fr.pc=0x00000123c7af09e0 relative=0x0000000000000460
Event: 56.907 Thread 0x00000123d9760800 Uncommon trap: reason=null_check action=make_not_entrant pc=0x00000123c7af09e0 method=org.apache.tools.ant.IntrospectionHelper.getHelper(Lorg/apache/tools/ant/Project;Ljava/lang/Class;)Lorg/apache/tools/ant/IntrospectionHelper; @ 12 c2
Event: 56.907 Thread 0x00000123d9760800 DEOPT PACKING pc=0x00000123c7af09e0 sp=0x00000022f36f84b0
Event: 56.907 Thread 0x00000123d9760800 DEOPT UNPACKING pc=0x00000123bfc674af sp=0x00000022f36f8478 mode 2

Classes redefined (0 events):
No events

Internal exceptions (20 events):
Event: 36.395 Thread 0x00000123d9760800 Exception <a 'java/lang/ClassNotFoundException'{0x000000008b8696b8}: build_ciafvjhvw95odytdq45e0756qBeanInfo> (0x000000008b8696b8) thrown at [./src/hotspot/share/classfile/systemDictionary.cpp, line 231]
Event: 36.396 Thread 0x00000123d9760800 Exception <a 'java/lang/ClassNotFoundException'{0x000000008b8733c0}: build_ciafvjhvw95odytdq45e0756qCustomizer> (0x000000008b8733c0) thrown at [./src/hotspot/share/classfile/systemDictionary.cpp, line 231]
Event: 36.436 Thread 0x00000123d9760800 Exception <a 'java/lang/NoSuchFieldError'{0x000000008b765868}: array> (0x000000008b765868) thrown at [./src/hotspot/share/interpreter/linkResolver.cpp, line 974]
Event: 36.461 Thread 0x00000123d9760800 Exception <a 'java/lang/NoClassDefFoundError'{0x000000008b7f0ae8}: Ljava/math/BigInteger;> (0x000000008b7f0ae8) thrown at [./src/hotspot/share/classfile/systemDictionary.cpp, line 229]
Event: 36.461 Thread 0x00000123d9760800 Exception <a 'java/lang/NoClassDefFoundError'{0x000000008b7f0ae8}> (0x000000008b7f0ae8) thrown at [./src/hotspot/share/oops/instanceKlass.cpp, line 1029]
Event: 36.473 Thread 0x00000123d9760800 Exception <a 'java/lang/NoSuchMethodError'{0x000000008b612620}: 'java.lang.Object java.lang.invoke.DirectMethodHandle$Holder.invokeSpecial(java.lang.Object, java.lang.Object, java.lang.Object, int, int, java.lang.Object, java.lang.Object)'> (0x000000008b612620) thrown at [./src/hotspot/share/interpreter/linkResolver.cpp, line 773]
Event: 36.473 Thread 0x00000123d9760800 Exception <a 'java/lang/NoSuchMethodError'{0x000000008b61b788}: 'java.lang.Object java.lang.invoke.DirectMethodHandle$Holder.invokeStatic(java.lang.Object, java.lang.Object, java.lang.Object, int, int, java.lang.Object)'> (0x000000008b61b788) thrown at [./src/hotspot/share/interpreter/linkResolver.cpp, line 773]
Event: 36.474 Thread 0x00000123d9760800 Exception <a 'java/lang/NoSuchMethodError'{0x000000008b61f4a8}: 'java.lang.Object java.lang.invoke.DirectMethodHandle$Holder.invokeSpecial(java.lang.Object, java.lang.Object, java.lang.Object, java.lang.Object, int, int, java.lang.Object)'> (0x000000008b61f4a8) thrown at [./src/hotspot/share/interpreter/linkResolver.cpp, line 773]
Event: 36.474 Thread 0x00000123d9760800 Exception <a 'java/lang/NoSuchMethodError'{0x000000008b6229c8}: 'java.lang.Object java.lang.invoke.Invokers$Holder.linkToTargetMethod(java.lang.Object, java.lang.Object, int, int, java.lang.Object, java.lang.Object)'> (0x000000008b6229c8) thrown at [./src/hotspot/share/interpreter/linkResolver.cpp, line 773]
Event: 36.477 Thread 0x00000123d9760800 Implicit null exception at 0x00000123c7bda41b to 0x00000123c7bdab8c
Event: 36.477 Thread 0x00000123d9760800 Implicit null exception at 0x00000123c787f8af to 0x00000123c787f8fc
Event: 36.477 Thread 0x00000123d9760800 Implicit null exception at 0x00000123c7d0e14c to 0x00000123c7d0e17c
Event: 36.601 Thread 0x00000123d9760800 Implicit null exception at 0x00000123c7880be7 to 0x00000123c7880f9c
Event: 36.671 Thread 0x00000123d8198800 Exception <a 'java/lang/NoSuchMethodError'{0x000000008b4fbf70}: <clinit>> (0x000000008b4fbf70) thrown at [./src/hotspot/share/prims/jni.cpp, line 1362]
Event: 36.673 Thread 0x00000123d8198800 Exception <a 'java/lang/NoSuchMethodError'{0x000000008b314fa8}: <clinit>> (0x000000008b314fa8) thrown at [./src/hotspot/share/prims/jni.cpp, line 1362]
Event: 36.673 Thread 0x00000123d8198800 Exception <a 'java/lang/NoSuchMethodError'{0x000000008b316690}: <clinit>> (0x000000008b316690) thrown at [./src/hotspot/share/prims/jni.cpp, line 1362]
Event: 56.794 Thread 0x00000123d9760800 Implicit null exception at 0x00000123c7d98f0d to 0x00000123c7d9a090
Event: 56.880 Thread 0x00000123d9760800 Exception <a 'java/lang/ClassCastException'{0x000000008b2c42a8}> (0x000000008b2c42a8) thrown at [./src/hotspot/share/runtime/sharedRuntime.cpp, line 584]
Event: 56.881 Thread 0x00000123d9760800 Exception <a 'java/security/PrivilegedActionException'{0x000000008b2fac20}> (0x000000008b2fac20) thrown at [./src/hotspot/share/prims/jvm.cpp, line 1297]
Event: 56.881 Thread 0x00000123d9760800 Exception <a 'java/security/PrivilegedActionException'{0x000000008b2fbee0}> (0x000000008b2fbee0) thrown at [./src/hotspot/share/prims/jvm.cpp, line 1297]

Events (20 events):
Event: 57.012 Executing VM operation: G1CollectForAllocation
Event: 57.020 Executing VM operation: G1CollectForAllocation done
Event: 57.233 Executing VM operation: G1CollectForAllocation
Event: 57.236 Executing VM operation: G1CollectForAllocation done
Event: 57.458 Executing VM operation: G1CollectForAllocation
Event: 57.462 Executing VM operation: G1CollectForAllocation done
Event: 57.673 Executing VM operation: G1CollectForAllocation
Event: 57.677 Executing VM operation: G1CollectForAllocation done
Event: 57.859 Executing VM operation: G1CollectForAllocation
Event: 57.864 Executing VM operation: G1CollectForAllocation done
Event: 58.043 Executing VM operation: G1CollectForAllocation
Event: 58.047 Executing VM operation: G1CollectForAllocation done
Event: 58.093 Thread 0x00000123d9086800 Thread exited: 0x00000123d9086800
Event: 58.199 Executing VM operation: G1CollectForAllocation
Event: 58.203 Executing VM operation: G1CollectForAllocation done
Event: 58.349 Executing VM operation: G1CollectForAllocation
Event: 58.353 Executing VM operation: G1CollectForAllocation done
Event: 58.491 Executing VM operation: G1CollectForAllocation
Event: 58.494 Executing VM operation: G1CollectForAllocation done
Event: 58.583 Executing VM operation: CGC_Operation


Dynamic libraries:
0x00007ff7c9380000 - 0x00007ff7c938a000 	C:\Program Files\Android\Android Studio\jre\bin\java.exe
0x00007ffb449d0000 - 0x00007ffb44bc6000 	C:\Windows\SYSTEM32\ntdll.dll
0x00007ffb43cb0000 - 0x00007ffb43d6d000 	C:\Windows\System32\KERNEL32.DLL
0x00007ffb42640000 - 0x00007ffb42909000 	C:\Windows\System32\KERNELBASE.dll
0x00007ffb423b0000 - 0x00007ffb424b0000 	C:\Windows\System32\ucrtbase.dll
0x00007ffb3f9f0000 - 0x00007ffb3fa09000 	C:\Program Files\Android\Android Studio\jre\bin\jli.dll
0x00007ffb3fa10000 - 0x00007ffb3fa27000 	C:\Program Files\Android\Android Studio\jre\bin\VCRUNTIME140.dll
0x00007ffb43fe0000 - 0x00007ffb44180000 	C:\Windows\System32\USER32.dll
0x00007ffb42a40000 - 0x00007ffb42a62000 	C:\Windows\System32\win32u.dll
0x00007ffb30d20000 - 0x00007ffb30fbb000 	C:\Windows\WinSxS\amd64_microsoft.windows.common-controls_6595b64144ccf1df_6.0.19041.488_none_ca04af081b815d21\COMCTL32.dll
0x00007ffb44260000 - 0x00007ffb4428a000 	C:\Windows\System32\GDI32.dll
0x00007ffb44930000 - 0x00007ffb449ce000 	C:\Windows\System32\msvcrt.dll
0x00007ffb42530000 - 0x00007ffb42639000 	C:\Windows\System32\gdi32full.dll
0x00007ffb429a0000 - 0x00007ffb42a3d000 	C:\Windows\System32\msvcp_win.dll
0x00007ffb448f0000 - 0x00007ffb44920000 	C:\Windows\System32\IMM32.DLL
0x00007ffb33e30000 - 0x00007ffb33ecd000 	C:\Program Files\Android\Android Studio\jre\bin\msvcp140.dll
0x00007ffb0cf80000 - 0x00007ffb0da3c000 	C:\Program Files\Android\Android Studio\jre\bin\server\jvm.dll
0x00007ffb446e0000 - 0x00007ffb4478c000 	C:\Windows\System32\ADVAPI32.dll
0x00007ffb432a0000 - 0x00007ffb4333c000 	C:\Windows\System32\sechost.dll
0x00007ffb42a70000 - 0x00007ffb42b9b000 	C:\Windows\System32\RPCRT4.dll
0x00007ffb44920000 - 0x00007ffb44928000 	C:\Windows\System32\PSAPI.DLL
0x00007ffb33100000 - 0x00007ffb33127000 	C:\Windows\SYSTEM32\WINMM.dll
0x00007ffb3f9e0000 - 0x00007ffb3f9e9000 	C:\Windows\SYSTEM32\WSOCK32.dll
0x00007ffb335e0000 - 0x00007ffb335ea000 	C:\Windows\SYSTEM32\VERSION.dll
0x00007ffb43470000 - 0x00007ffb434db000 	C:\Windows\System32\WS2_32.dll
0x00007ffb400e0000 - 0x00007ffb400f2000 	C:\Windows\SYSTEM32\kernel.appcore.dll
0x00007ffb33e10000 - 0x00007ffb33e21000 	C:\Program Files\Android\Android Studio\jre\bin\verify.dll
0x00007ffb33130000 - 0x00007ffb33314000 	C:\Windows\SYSTEM32\DBGHELP.DLL
0x00007ffb32df0000 - 0x00007ffb32e1c000 	C:\Windows\SYSTEM32\dbgcore.DLL
0x00007ffb424b0000 - 0x00007ffb42530000 	C:\Windows\System32\bcryptPrimitives.dll
0x00007ffb33de0000 - 0x00007ffb33e09000 	C:\Program Files\Android\Android Studio\jre\bin\java.dll
0x00007ffb33ce0000 - 0x00007ffb33ceb000 	C:\Program Files\Android\Android Studio\jre\bin\jimage.dll
0x00007ffb33cc0000 - 0x00007ffb33cd8000 	C:\Program Files\Android\Android Studio\jre\bin\zip.dll
0x00007ffb43550000 - 0x00007ffb43c92000 	C:\Windows\System32\SHELL32.dll
0x00007ffb402e0000 - 0x00007ffb40a75000 	C:\Windows\SYSTEM32\windows.storage.dll
0x00007ffb44380000 - 0x00007ffb446d6000 	C:\Windows\System32\combase.dll
0x00007ffb41af0000 - 0x00007ffb41b1c000 	C:\Windows\SYSTEM32\Wldp.dll
0x00007ffb44840000 - 0x00007ffb448ee000 	C:\Windows\System32\SHCORE.dll
0x00007ffb431e0000 - 0x00007ffb43235000 	C:\Windows\System32\shlwapi.dll
0x00007ffb42080000 - 0x00007ffb420a6000 	C:\Windows\SYSTEM32\profapi.dll
0x00007ffb33ca0000 - 0x00007ffb33cba000 	C:\Program Files\Android\Android Studio\jre\bin\net.dll
0x00007ffb34b80000 - 0x00007ffb34c80000 	C:\Windows\SYSTEM32\WINHTTP.dll
0x00007ffb41870000 - 0x00007ffb418da000 	C:\Windows\system32\mswsock.dll
0x00007ffb2de70000 - 0x00007ffb2de84000 	C:\Program Files\Android\Android Studio\jre\bin\nio.dll
0x00007ffb2fab0000 - 0x00007ffb2fad7000 	C:\Users\Admin\.gradle\native\fdc75f09e3144964f2cf3f50f0aa648679c211496f362492102eb8c894070792\windows-amd64\native-platform.dll
0x00007ffb2e1a0000 - 0x00007ffb2e336000 	C:\Users\Admin\.gradle\native\12488b8bf47d2d4c9fbf2f6322a914ad602e24e48041cd04a747c6da556b65c4\windows-amd64\native-platform-file-events.dll
0x00007ffb2dda0000 - 0x00007ffb2ddaa000 	C:\Program Files\Android\Android Studio\jre\bin\management.dll
0x00007ffb2dd90000 - 0x00007ffb2dd9c000 	C:\Program Files\Android\Android Studio\jre\bin\management_ext.dll
0x00007ffb41a40000 - 0x00007ffb41a58000 	C:\Windows\SYSTEM32\CRYPTSP.dll
0x00007ffb41200000 - 0x00007ffb41234000 	C:\Windows\system32\rsaenh.dll
0x00007ffb42970000 - 0x00007ffb42997000 	C:\Windows\System32\bcrypt.dll
0x00007ffb42000000 - 0x00007ffb4202e000 	C:\Windows\SYSTEM32\USERENV.dll
0x00007ffb41a60000 - 0x00007ffb41a6c000 	C:\Windows\SYSTEM32\CRYPTBASE.dll
0x00007ffb41560000 - 0x00007ffb4159b000 	C:\Windows\SYSTEM32\IPHLPAPI.DLL
0x00007ffb43540000 - 0x00007ffb43548000 	C:\Windows\System32\NSI.dll
0x00007ffb3ad50000 - 0x00007ffb3ad67000 	C:\Windows\SYSTEM32\dhcpcsvc6.DLL
0x00007ffb3c2b0000 - 0x00007ffb3c2cd000 	C:\Windows\SYSTEM32\dhcpcsvc.DLL
0x00007ffb415a0000 - 0x00007ffb4166b000 	C:\Windows\SYSTEM32\DNSAPI.dll
0x00007ffb3ca40000 - 0x00007ffb3ca4b000 	C:\Windows\SYSTEM32\WINNSI.DLL

dbghelp: loaded successfully - version: 4.0.5 - missing functions: none
symbol engine: initialized successfully - sym options: 0x614 - pdb path: .;C:\Program Files\Android\Android Studio\jre\bin;C:\Windows\SYSTEM32;C:\Windows\WinSxS\amd64_microsoft.windows.common-controls_6595b64144ccf1df_6.0.19041.488_none_ca04af081b815d21;C:\Program Files\Android\Android Studio\jre\bin\server;C:\Users\Admin\.gradle\native\fdc75f09e3144964f2cf3f50f0aa648679c211496f362492102eb8c894070792\windows-amd64;C:\Users\Admin\.gradle\native\12488b8bf47d2d4c9fbf2f6322a914ad602e24e48041cd04a747c6da556b65c4\windows-amd64

VM Arguments:
jvm_args: -XX:MaxPermSize=512m -XX:+HeapDumpOnOutOfMemoryError --add-opens=java.base/java.util=ALL-UNNAMED --add-opens=java.base/java.lang=ALL-UNNAMED --add-opens=java.base/java.lang.invoke=ALL-UNNAMED --add-opens=java.prefs/java.util.prefs=ALL-UNNAMED -Xmx2048m -Dfile.encoding=UTF-8 -Duser.country=US -Duser.language=en -Duser.variant 
java_command: org.gradle.launcher.daemon.bootstrap.GradleDaemon 6.8
java_class_path (initial): C:\Users\Admin\.gradle\wrapper\dists\gradle-6.8-all\9emh0d32e025cam7aasxcw002\gradle-6.8\lib\gradle-launcher-6.8.jar
Launcher Type: SUN_STANDARD

[Global flags]
     intx CICompilerCount                          = 3                                         {product} {ergonomic}
     uint ConcGCThreads                            = 1                                         {product} {ergonomic}
     uint G1ConcRefinementThreads                  = 4                                         {product} {ergonomic}
   size_t G1HeapRegionSize                         = 1048576                                   {product} {ergonomic}
    uintx GCDrainStackTargetSize                   = 64                                        {product} {ergonomic}
     bool HeapDumpOnOutOfMemoryError               = true                                   {manageable} {command line}
   size_t InitialHeapSize                          = 134217728                                 {product} {ergonomic}
   size_t MarkStackSize                            = 4194304                                   {product} {ergonomic}
   size_t MaxHeapSize                              = 2147483648                                {product} {command line}
   size_t MaxNewSize                               = 1287651328                                {product} {ergonomic}
   size_t MinHeapDeltaBytes                        = 1048576                                   {product} {ergonomic}
    uintx NonNMethodCodeHeapSize                   = 5830732                                {pd product} {ergonomic}
    uintx NonProfiledCodeHeapSize                  = 122913754                              {pd product} {ergonomic}
    uintx ProfiledCodeHeapSize                     = 122913754                              {pd product} {ergonomic}
    uintx ReservedCodeCacheSize                    = 251658240                              {pd product} {ergonomic}
     bool SegmentedCodeCache                       = true                                      {product} {ergonomic}
     bool UseCompressedClassPointers               = true                                 {lp64_product} {ergonomic}
     bool UseCompressedOops                        = true                                 {lp64_product} {ergonomic}
     bool UseG1GC                                  = true                                      {product} {ergonomic}
     bool UseLargePagesIndividualAllocation        = false                                  {pd product} {ergonomic}

Logging:
Log output configuration:
 #0: stdout all=warning uptime,level,tags
 #1: stderr all=off uptime,level,tags

Environment Variables:
JAVA_HOME=C:\Program Files\Android\Android Studio\jre
CLASSPATH=D:\Innofin_Store\finccp-react-native\android\\gradle\wrapper\gradle-wrapper.jar
PATH=D:\Innofin_Store\finccp-react-native\android\node_modules\.bin;D:\Innofin_Store\finccp-react-native\node_modules\.bin;D:\Innofin_Store\node_modules\.bin;D:\node_modules\.bin;C:\Program Files\nodejs;D:\Innofin_Store\finccp-react-native\node_modules\.bin;C:\Program Files (x86)\Common Files\Oracle\Java\javapath;C:\Windows\system32;C:\Windows;C:\Windows\System32\Wbem;C:\Windows\System32\WindowsPowerShell\v1.0\;C:\Program Files\Git\cmd;C:\Program Files\nodejs\;C:\Program Files\dotnet\;C:\Program Files\Microsoft SQL Server\130\Tools\Binn\;C:\Program Files\Microsoft SQL Server\Client SDK\ODBC\170\Tools\Binn\;C:\Users\Admin\AppData\Local\Microsoft\WindowsApps;C:\Users\Admin\AppData\Local\Programs\Microsoft VS Code\bin;C:\Users\Admin\AppData\Roaming\npm;C:\Users\Admin\.dotnet\tools;C:\Users\Admin\AppData\Local\GitHubDesktop\bin;C:\Users\Admin\AppData\Local\Android\Sdk\platforms;C:\Users\Admin\AppData\Local\Android\Sdk\cmdline-tools\latest\bin;
USERNAME=Admin
LANG=en_US.UTF-8
OS=Windows_NT
PROCESSOR_IDENTIFIER=Intel64 Family 6 Model 94 Stepping 3, GenuineIntel



---------------  S Y S T E M  ---------------

OS: Windows 10 , 64 bit Build 19041 (10.0.19041.662)
OS uptime: 0 days 0:04 hours

CPU:total 4 (initial active 4) (4 cores per cpu, 1 threads per core) family 6 model 94 stepping 3, cmov, cx8, fxsr, mmx, sse, sse2, sse3, ssse3, sse4.1, sse4.2, popcnt, avx, avx2, aes, clmul, erms, 3dnowpref, lzcnt, tsc, tscinvbit, bmi1, bmi2, adx, fma

Memory: 4k page, system-wide physical 8082M (600M free)
TotalPageFile size 18834M (AvailPageFile size 8558M)
current process WorkingSet (physical memory assigned to process): 392M, peak: 422M
current process commit charge ("private bytes"): 456M, peak: 469M

vm_info: OpenJDK 64-Bit Server VM (11.0.8+10-b944.6842174) for windows-amd64 JRE (11.0.8+10-b944.6842174), built on Sep 19 2020 01:11:42 by "builder" with MS VC++ 14.0 (VS2015)

END.
